<?xml version="1.0" encoding="UTF-8" ?>
<testsuite 
errors="0" failures="0" hostname="ubuntu" name="com.xiaomi.smarthome.ResetDevicePage" tests="22" time="0.001" timestamp="2023-07-25T20:16:40">
  <properties>
[...]
</properties>
  <testcase 
  name="clickedIndex=221 action=CLICKED
xpath=//android.widget.FrameLayout[@class='android.widget.FrameLayout']//android.widget.LinearLayout[@class='android.widget.LinearLayout']//android.widget.FrameLayout[@class='android.widget.FrameLayout']//android.widget.LinearLayout[@resource-id='com.xiaomi.smarthome:id/e_' and @class='android.widget.LinearLayout']//android.widget.FrameLayout[@resource-id='android:id/content' and @class='android.widget.FrameLayout']//android.widget.RelativeLayout[@class='android.widget.RelativeLayout']//android.webkit.WebView[@class='android.webkit.WebView']//android.webkit.WebView[@class='android.webkit.WebView']//android.view.View[@resource-id='app' and @class='android.view.View']//android.widget.TextView[@class='android.widget.TextView']" classname="com.xiaomi.smarthome.ResetDevicePage" time="0.001">
</testcase>
  <testcase 
  name="clickedIndex=222 action=CLICKED
xpath=//android.widget.FrameLayout[@class='android.widget.FrameLayout']//android.widget.LinearLayout[@class='android.widget.LinearLayout']//android.widget.FrameLayout[@class='android.widget.FrameLayout']//android.widget.LinearLayout[@resource-id='com.xiaomi.smarthome:id/e_' and @class='android.widget.LinearLayout']//android.widget.FrameLayout[@resource-id='android:id/content' and @class='android.widget.FrameLayout']//android.widget.RelativeLayout[@class='android.widget.RelativeLayout']//android.webkit.WebView[@class='android.webkit.WebView']//android.webkit.WebView[@class='android.webkit.WebView']//android.view.View[@resource-id='app' and @class='android.view.View']//android.widget.TextView[@class='android.widget.TextView']" classname="com.xiaomi.smarthome.ResetDevicePage" time="0.0">
</testcase>
  <testcase 
  name="clickedIndex=223 action=CLICKED
xpath=//android.widget.FrameLayout[@class='android.widget.FrameLayout']//android.widget.LinearLayout[@class='android.widget.LinearLayout']//android.widget.FrameLayout[@class='android.widget.FrameLayout']//android.widget.LinearLayout[@resource-id='com.xiaomi.smarthome:id/e_' and @class='android.widget.LinearLayout']//android.widget.FrameLayout[@resource-id='android:id/content' and @class='android.widget.FrameLayout']//android.widget.RelativeLayout[@class='android.widget.RelativeLayout']//android.webkit.WebView[@class='android.webkit.WebView']//android.webkit.WebView[@class='android.webkit.WebView']//android.view.View[@resource-id='app' and @class='android.view.View']//android.widget.Image[@class='android.widget.Image']" classname="com.xiaomi.smarthome.ResetDevicePage" time="0.0">
</testcase>
  <testcase 
  name="clickedIndex=224 action=CLICKED
xpath=//android.widget.FrameLayout[@class='android.widget.FrameLayout']//android.widget.LinearLayout[@class='android.widget.LinearLayout']//android.widget.FrameLayout[@class='android.widget.FrameLayout']//android.widget.LinearLayout[@resource-id='com.xiaomi.smarthome:id/e_' and @class='android.widget.LinearLayout']//android.widget.FrameLayout[@resource-id='android:id/content' and @class='android.widget.FrameLayout']//android.widget.RelativeLayout[@class='android.widget.RelativeLayout']//android.webkit.WebView[@class='android.webkit.WebView']//android.webkit.WebView[@class='android.webkit.WebView']//android.view.View[@resource-id='app' and @class='android.view.View']" classname="com.xiaomi.smarthome.ResetDevicePage" time="0.0">
</testcase>
  <testcase 
  name="clickedIndex=225 action=CLICKED
xpath=//android.widget.FrameLayout[@class='android.widget.FrameLayout']//android.widget.LinearLayout[@class='android.widget.LinearLayout']//android.widget.FrameLayout[@class='android.widget.FrameLayout']//android.widget.LinearLayout[@resource-id='com.xiaomi.smarthome:id/e_' and @class='android.widget.LinearLayout']//android.widget.FrameLayout[@resource-id='android:id/content' and @class='android.widget.FrameLayout']//android.widget.RelativeLayout[@class='android.widget.RelativeLayout']//android.widget.LinearLayout[@resource-id='com.xiaomi.smarthome:id/xn' and @class='android.widget.LinearLayout']//android.widget.TextView[@resource-id='com.xiaomi.smarthome:id/d6w' and @text='已确认上述操作' and @class='android.widget.TextView']" classname="com.xiaomi.smarthome.ResetDevicePage" time="0.0">
</testcase>
  <testcase 
  name="clickedIndex=226 action=CLICKED
xpath=//android.widget.FrameLayout[@class='android.widget.FrameLayout']//android.widget.LinearLayout[@class='android.widget.LinearLayout']//android.widget.FrameLayout[@class='android.widget.FrameLayout']//android.widget.LinearLayout[@resource-id='com.xiaomi.smarthome:id/e_' and @class='android.widget.LinearLayout']//android.widget.FrameLayout[@resource-id='android:id/content' and @class='android.widget.FrameLayout']//android.widget.RelativeLayout[@class='android.widget.RelativeLayout']//android.widget.FrameLayout[@resource-id='com.xiaomi.smarthome:id/d7c' and @class='android.widget.FrameLayout']//android.widget.ImageView[@content-desc='返回' and @resource-id='com.xiaomi.smarthome:id/brm' and @class='android.widget.ImageView']" classname="com.xiaomi.smarthome.ResetDevicePage" time="0.0">
</testcase>
  <testcase 
  name="clickedIndex=228 action=CLICKED
xpath=//android.widget.FrameLayout[@class='android.widget.FrameLayout']//android.widget.LinearLayout[@class='android.widget.LinearLayout']//android.widget.FrameLayout[@class='android.widget.FrameLayout']//android.widget.LinearLayout[@resource-id='com.xiaomi.smarthome:id/e_' and @class='android.widget.LinearLayout']//android.widget.FrameLayout[@resource-id='android:id/content' and @class='android.widget.FrameLayout']//android.widget.RelativeLayout[@class='android.widget.RelativeLayout']//android.webkit.WebView[@class='android.webkit.WebView']//android.webkit.WebView[@text='小白智能摄像机' and @class='android.webkit.WebView']//android.view.View[@resource-id='app' and @class='android.view.View']//android.widget.TextView[@text='小白智能摄像机' and @class='android.widget.TextView']" classname="com.xiaomi.smarthome.ResetDevicePage" time="0.0">
</testcase>
  <testcase 
  name="clickedIndex=229 action=CLICKED
xpath=//android.widget.FrameLayout[@class='android.widget.FrameLayout']//android.widget.LinearLayout[@class='android.widget.LinearLayout']//android.widget.FrameLayout[@class='android.widget.FrameLayout']//android.widget.LinearLayout[@resource-id='com.xiaomi.smarthome:id/e_' and @class='android.widget.LinearLayout']//android.widget.FrameLayout[@resource-id='android:id/content' and @class='android.widget.FrameLayout']//android.widget.RelativeLayout[@class='android.widget.RelativeLayout']//android.webkit.WebView[@class='android.webkit.WebView']//android.webkit.WebView[@text='小白智能摄像机' and @class='android.webkit.WebView']//android.view.View[@resource-id='app' and @class='android.view.View']//android.widget.TextView[@class='android.widget.TextView']" classname="com.xiaomi.smarthome.ResetDevicePage" time="0.0">
</testcase>
  <testcase 
  name="clickedIndex=230 action=CLICKED
xpath=//android.widget.FrameLayout[@class='android.widget.FrameLayout']//android.widget.LinearLayout[@class='android.widget.LinearLayout']//android.widget.FrameLayout[@class='android.widget.FrameLayout']//android.widget.LinearLayout[@resource-id='com.xiaomi.smarthome:id/e_' and @class='android.widget.LinearLayout']//android.widget.FrameLayout[@resource-id='android:id/content' and @class='android.widget.FrameLayout']//android.widget.RelativeLayout[@class='android.widget.RelativeLayout']//android.webkit.WebView[@class='android.webkit.WebView']//android.webkit.WebView[@text='小白智能摄像机' and @class='android.webkit.WebView']//android.view.View[@resource-id='app' and @class='android.view.View']//android.widget.Image[@text='KtBDiA=' and @class='android.widget.Image']" classname="com.xiaomi.smarthome.ResetDevicePage" time="0.0">
</testcase>
  <testcase 
  name="clickedIndex=231 action=CLICKED
xpath=//android.widget.FrameLayout[@class='android.widget.FrameLayout']//android.widget.LinearLayout[@class='android.widget.LinearLayout']//android.widget.FrameLayout[@class='android.widget.FrameLayout']//android.widget.LinearLayout[@resource-id='com.xiaomi.smarthome:id/e_' and @class='android.widget.LinearLayout']//android.widget.FrameLayout[@resource-id='android:id/content' and @class='android.widget.FrameLayout']//android.widget.RelativeLayout[@class='android.widget.RelativeLayout']//android.widget.LinearLayout[@resource-id='com.xiaomi.smarthome:id/xn' and @class='android.widget.LinearLayout']//android.widget.CheckBox[@resource-id='com.xiaomi.smarthome:id/xl' and @class='android.widget.CheckBox']" classname="com.xiaomi.smarthome.ResetDevicePage" time="0.0">
</testcase>
  <testcase 
  name="clickedIndex=232 action=CLICKED
xpath=//android.widget.FrameLayout[@class='android.widget.FrameLayout']//android.widget.LinearLayout[@class='android.widget.LinearLayout']//android.widget.FrameLayout[@class='android.widget.FrameLayout']//android.widget.LinearLayout[@resource-id='com.xiaomi.smarthome:id/e_' and @class='android.widget.LinearLayout']//android.widget.FrameLayout[@resource-id='android:id/content' and @class='android.widget.FrameLayout']//android.widget.RelativeLayout[@class='android.widget.RelativeLayout']//android.widget.TextView[@resource-id='com.xiaomi.smarthome:id/a99' and @class='android.widget.TextView']" classname="com.xiaomi.smarthome.ResetDevicePage" time="0.0">
</testcase>
  <testcase 
  name="clickedIndex=263 action=CLICKED
xpath=//android.widget.FrameLayout[@class='android.widget.FrameLayout']//android.widget.LinearLayout[@class='android.widget.LinearLayout']//android.widget.FrameLayout[@class='android.widget.FrameLayout']//android.widget.LinearLayout[@resource-id='com.xiaomi.smarthome:id/e_' and @class='android.widget.LinearLayout']//android.widget.FrameLayout[@resource-id='android:id/content' and @class='android.widget.FrameLayout']//android.widget.RelativeLayout[@class='android.widget.RelativeLayout']//android.widget.Button[@resource-id='com.xiaomi.smarthome:id/bw9' and @text='下一步' and @class='android.widget.Button']" classname="com.xiaomi.smarthome.ResetDevicePage" time="0.0">
</testcase>
  <testcase 
  name="clickedIndex=264 action=CLICKED
xpath=//android.widget.FrameLayout[@class='android.widget.FrameLayout']//android.widget.LinearLayout[@class='android.widget.LinearLayout']//android.widget.FrameLayout[@resource-id='android:id/content' and @class='android.widget.FrameLayout']//android.widget.FrameLayout[@class='android.widget.FrameLayout']//android.widget.LinearLayout[@resource-id='com.xiaomi.smarthome:id/c0s' and @class='android.widget.LinearLayout']//android.widget.LinearLayout[@resource-id='com.xiaomi.smarthome:id/s1' and @class='android.widget.LinearLayout']//android.widget.Button[@resource-id='com.xiaomi.smarthome:id/rx' and @text='手动连接' and @class='android.widget.Button']" classname="com.xiaomi.smarthome.ResetDevicePage" time="0.0">
</testcase>
  <testcase 
  name="clickedIndex=269 action=CLICKED
xpath=//android.widget.FrameLayout[@class='android.widget.FrameLayout']//android.widget.LinearLayout[@class='android.widget.LinearLayout']//android.widget.FrameLayout[@class='android.widget.FrameLayout']//android.widget.LinearLayout[@resource-id='com.xiaomi.smarthome:id/e_' and @class='android.widget.LinearLayout']//android.widget.FrameLayout[@resource-id='android:id/content' and @class='android.widget.FrameLayout']//android.widget.RelativeLayout[@class='android.widget.RelativeLayout']//android.widget.LinearLayout[@resource-id='com.xiaomi.smarthome:id/xn' and @class='android.widget.LinearLayout']" classname="com.xiaomi.smarthome.ResetDevicePage" time="0.0">
</testcase>
  <testcase 
  name="clickedIndex=270 action=CLICKED
xpath=//android.widget.FrameLayout[@class='android.widget.FrameLayout']" classname="com.xiaomi.smarthome.ResetDevicePage" time="0.0">
</testcase>
  <testcase 
  name="clickedIndex=337 action=CLICKED
xpath=//android.widget.FrameLayout[@class='android.widget.FrameLayout']//android.widget.LinearLayout[@class='android.widget.LinearLayout']//android.widget.FrameLayout[@class='android.widget.FrameLayout']//android.widget.LinearLayout[@resource-id='com.xiaomi.smarthome:id/e_' and @class='android.widget.LinearLayout']//android.widget.FrameLayout[@resource-id='android:id/content' and @class='android.widget.FrameLayout']//android.widget.RelativeLayout[@class='android.widget.RelativeLayout']//android.webkit.WebView[@class='android.webkit.WebView']//android.webkit.WebView[@text='指静脉识别私密箱' and @class='android.webkit.WebView']//android.view.View[@resource-id='app' and @class='android.view.View']//android.widget.TextView[@text='指静脉识别私密箱' and @class='android.widget.TextView']" classname="com.xiaomi.smarthome.ResetDevicePage" time="0.0">
</testcase>
  <testcase 
  name="clickedIndex=338 action=CLICKED
xpath=//android.widget.FrameLayout[@class='android.widget.FrameLayout']//android.widget.LinearLayout[@class='android.widget.LinearLayout']//android.widget.FrameLayout[@class='android.widget.FrameLayout']//android.widget.LinearLayout[@resource-id='com.xiaomi.smarthome:id/e_' and @class='android.widget.LinearLayout']//android.widget.FrameLayout[@resource-id='android:id/content' and @class='android.widget.FrameLayout']//android.widget.RelativeLayout[@class='android.widget.RelativeLayout']//android.webkit.WebView[@class='android.webkit.WebView']//android.webkit.WebView[@text='指静脉识别私密箱' and @class='android.webkit.WebView']//android.view.View[@resource-id='app' and @class='android.view.View']//android.widget.TextView[@class='android.widget.TextView']" classname="com.xiaomi.smarthome.ResetDevicePage" time="0.0">
</testcase>
  <testcase 
  name="clickedIndex=339 action=CLICKED
xpath=//android.widget.FrameLayout[@class='android.widget.FrameLayout']//android.widget.LinearLayout[@class='android.widget.LinearLayout']//android.widget.FrameLayout[@class='android.widget.FrameLayout']//android.widget.LinearLayout[@resource-id='com.xiaomi.smarthome:id/e_' and @class='android.widget.LinearLayout']//android.widget.FrameLayout[@resource-id='android:id/content' and @class='android.widget.FrameLayout']//android.widget.RelativeLayout[@class='android.widget.RelativeLayout']//android.webkit.WebView[@class='android.webkit.WebView']//android.webkit.WebView[@text='指静脉识别私密箱' and @class='android.webkit.WebView']//android.view.View[@resource-id='app' and @class='android.view.View']//android.widget.Image[@class='android.widget.Image']" classname="com.xiaomi.smarthome.ResetDevicePage" time="0.0">
</testcase>
  <testcase 
  name="clickedIndex=344 action=CLICKED
xpath=//android.widget.FrameLayout[@class='android.widget.FrameLayout']//android.widget.LinearLayout[@class='android.widget.LinearLayout']//android.widget.FrameLayout[@class='android.widget.FrameLayout']//android.widget.LinearLayout[@resource-id='com.xiaomi.smarthome:id/e_' and @class='android.widget.LinearLayout']//android.widget.FrameLayout[@resource-id='android:id/content' and @class='android.widget.FrameLayout']//android.widget.RelativeLayout[@class='android.widget.RelativeLayout']//android.webkit.WebView[@class='android.webkit.WebView']//android.webkit.WebView[@text='米家智能保管箱' and @class='android.webkit.WebView']//android.view.View[@resource-id='app' and @class='android.view.View']//android.widget.Image[@class='android.widget.Image']" classname="com.xiaomi.smarthome.ResetDevicePage" time="0.0">
</testcase>
  <testcase 
  name="clickedIndex=351 action=CLICKED
xpath=//android.widget.FrameLayout[@class='android.widget.FrameLayout']//android.widget.LinearLayout[@class='android.widget.LinearLayout']//android.widget.FrameLayout[@class='android.widget.FrameLayout']//android.widget.LinearLayout[@resource-id='com.xiaomi.smarthome:id/e_' and @class='android.widget.LinearLayout']//android.widget.FrameLayout[@resource-id='android:id/content' and @class='android.widget.FrameLayout']//android.widget.RelativeLayout[@class='android.widget.RelativeLayout']//android.webkit.WebView[@class='android.webkit.WebView']//android.webkit.WebView[@text='配网引导' and @class='android.webkit.WebView']//android.view.View[@resource-id='app' and @class='android.view.View']//android.widget.Image[@class='android.widget.Image']" classname="com.xiaomi.smarthome.ResetDevicePage" time="0.0">
</testcase>
  <testcase 
  name="clickedIndex=356 action=CLICKED
xpath=//android.widget.FrameLayout[@class='android.widget.FrameLayout']//android.widget.LinearLayout[@class='android.widget.LinearLayout']//android.widget.FrameLayout[@class='android.widget.FrameLayout']//android.widget.LinearLayout[@resource-id='com.xiaomi.smarthome:id/e_' and @class='android.widget.LinearLayout']//android.widget.FrameLayout[@resource-id='android:id/content' and @class='android.widget.FrameLayout']//android.widget.RelativeLayout[@class='android.widget.RelativeLayout']//android.webkit.WebView[@class='android.webkit.WebView']//android.webkit.WebView[@text='配网引导' and @class='android.webkit.WebView']//android.view.View[@resource-id='app' and @class='android.view.View']//android.widget.Image[@class='android.widget.Image']" classname="com.xiaomi.smarthome.ResetDevicePage" time="0.0">
</testcase>
  <testcase 
  name="clickedIndex=363 action=CLICKED
xpath=//android.widget.FrameLayout[@class='android.widget.FrameLayout']//android.widget.LinearLayout[@class='android.widget.LinearLayout']//android.widget.FrameLayout[@class='android.widget.FrameLayout']//android.widget.LinearLayout[@resource-id='com.xiaomi.smarthome:id/e_' and @class='android.widget.LinearLayout']//android.widget.FrameLayout[@resource-id='android:id/content' and @class='android.widget.FrameLayout']//android.widget.RelativeLayout[@class='android.widget.RelativeLayout']//android.webkit.WebView[@resource-id='com.xiaomi.smarthome:id/b8i' and @class='android.webkit.WebView']" classname="com.xiaomi.smarthome.ResetDevicePage" time="0.0">
</testcase>
  <system-out><![CDATA[]]></system-out>
  <system-err><![CDATA[]]></system-err>
</testsuite>
