<?xml version="1.0" encoding="UTF-8" ?>
<testsuite 
errors="0" failures="0" hostname="ubuntu" name="com.xiaomi.smarthome.CameraPlayerNewActivity" tests="23" time="0.001" timestamp="2023-07-25T20:16:40">
  <properties>
[...]
</properties>
  <testcase 
  name="clickedIndex=2 action=CLICKED
xpath=//android.widget.FrameLayout[@class='android.widget.FrameLayout']//android.widget.LinearLayout[@class='android.widget.LinearLayout']//android.widget.FrameLayout[@class='android.widget.FrameLayout']//android.widget.LinearLayout[@resource-id='com.xiaomi.smarthome:id/e_' and @class='android.widget.LinearLayout']//android.widget.FrameLayout[@resource-id='android:id/content' and @class='android.widget.FrameLayout']//android.widget.RelativeLayout[@resource-id='com.xiaomi.smarthome:id/cf2' and @class='android.widget.RelativeLayout']//android.widget.LinearLayout[@resource-id='com.xiaomi.smarthome:id/dus' and @class='android.widget.LinearLayout']//android.widget.RelativeLayout[@resource-id='com.xiaomi.smarthome:id/cew' and @class='android.widget.RelativeLayout']//android.widget.LinearLayout[@class='android.widget.LinearLayout']//android.widget.ScrollView[@resource-id='com.xiaomi.smarthome:id/bv_' and @class='android.widget.ScrollView']//android.widget.FrameLayout[@class='android.widget.FrameLayout']//android.widget.LinearLayout[@class='android.widget.LinearLayout']//android.widget.RelativeLayout[@resource-id='com.xiaomi.smarthome:id/h4' and @class='android.widget.RelativeLayout']//android.widget.LinearLayout[@class='android.widget.LinearLayout']//android.widget.TextView[@resource-id='com.xiaomi.smarthome:id/bmc' and @text='看家' and @class='android.widget.TextView']" classname="com.xiaomi.smarthome.CameraPlayerNewActivity" time="0.001">
</testcase>
  <testcase 
  name="clickedIndex=90 action=CLICKED
xpath=//android.widget.FrameLayout[@class='android.widget.FrameLayout']//android.widget.LinearLayout[@class='android.widget.LinearLayout']//android.widget.FrameLayout[@class='android.widget.FrameLayout']//android.widget.LinearLayout[@resource-id='com.xiaomi.smarthome:id/e_' and @class='android.widget.LinearLayout']//android.widget.FrameLayout[@resource-id='android:id/content' and @class='android.widget.FrameLayout']//android.widget.RelativeLayout[@resource-id='com.xiaomi.smarthome:id/cf2' and @class='android.widget.RelativeLayout']//android.widget.LinearLayout[@resource-id='com.xiaomi.smarthome:id/dus' and @class='android.widget.LinearLayout']//android.widget.RelativeLayout[@resource-id='com.xiaomi.smarthome:id/cew' and @class='android.widget.RelativeLayout']//android.widget.LinearLayout[@class='android.widget.LinearLayout']//android.widget.ScrollView[@resource-id='com.xiaomi.smarthome:id/bv_' and @class='android.widget.ScrollView']//android.widget.FrameLayout[@class='android.widget.FrameLayout']//android.widget.LinearLayout[@class='android.widget.LinearLayout']//android.widget.RelativeLayout[@resource-id='com.xiaomi.smarthome:id/h4' and @class='android.widget.RelativeLayout']//android.widget.LinearLayout[@class='android.widget.LinearLayout']//android.widget.TextView[@resource-id='com.xiaomi.smarthome:id/bma' and @text='拍摄到的重要事件' and @class='android.widget.TextView']" classname="com.xiaomi.smarthome.CameraPlayerNewActivity" time="0.0">
</testcase>
  <testcase 
  name="clickedIndex=92 action=CLICKED
xpath=//android.widget.FrameLayout[@class='android.widget.FrameLayout']//android.widget.LinearLayout[@class='android.widget.LinearLayout']//android.widget.FrameLayout[@class='android.widget.FrameLayout']//android.widget.LinearLayout[@resource-id='com.xiaomi.smarthome:id/e_' and @class='android.widget.LinearLayout']//android.widget.FrameLayout[@resource-id='android:id/content' and @class='android.widget.FrameLayout']//android.widget.RelativeLayout[@resource-id='com.xiaomi.smarthome:id/cf2' and @class='android.widget.RelativeLayout']//android.widget.LinearLayout[@resource-id='com.xiaomi.smarthome:id/dus' and @class='android.widget.LinearLayout']//android.widget.RelativeLayout[@resource-id='com.xiaomi.smarthome:id/cew' and @class='android.widget.RelativeLayout']//android.widget.LinearLayout[@class='android.widget.LinearLayout']//android.widget.ScrollView[@resource-id='com.xiaomi.smarthome:id/bv_' and @class='android.widget.ScrollView']//android.widget.FrameLayout[@class='android.widget.FrameLayout']//android.widget.LinearLayout[@class='android.widget.LinearLayout']//android.widget.RelativeLayout[@resource-id='com.xiaomi.smarthome:id/c4o' and @class='android.widget.RelativeLayout']//android.widget.LinearLayout[@class='android.widget.LinearLayout']//android.widget.TextView[@resource-id='com.xiaomi.smarthome:id/bmc' and @text='回看' and @class='android.widget.TextView']" classname="com.xiaomi.smarthome.CameraPlayerNewActivity" time="0.0">
</testcase>
  <testcase 
  name="clickedIndex=116 action=CLICKED
xpath=//android.widget.FrameLayout[@class='android.widget.FrameLayout']//android.widget.LinearLayout[@class='android.widget.LinearLayout']//android.widget.FrameLayout[@class='android.widget.FrameLayout']//android.widget.LinearLayout[@resource-id='com.xiaomi.smarthome:id/e_' and @class='android.widget.LinearLayout']//android.widget.FrameLayout[@resource-id='android:id/content' and @class='android.widget.FrameLayout']//android.widget.RelativeLayout[@resource-id='com.xiaomi.smarthome:id/cf2' and @class='android.widget.RelativeLayout']//android.widget.LinearLayout[@resource-id='com.xiaomi.smarthome:id/dus' and @class='android.widget.LinearLayout']//android.widget.RelativeLayout[@resource-id='com.xiaomi.smarthome:id/cew' and @class='android.widget.RelativeLayout']//android.widget.LinearLayout[@class='android.widget.LinearLayout']//android.widget.ScrollView[@resource-id='com.xiaomi.smarthome:id/bv_' and @class='android.widget.ScrollView']//android.widget.FrameLayout[@class='android.widget.FrameLayout']//android.widget.LinearLayout[@class='android.widget.LinearLayout']//android.widget.RelativeLayout[@resource-id='com.xiaomi.smarthome:id/c4o' and @class='android.widget.RelativeLayout']//android.widget.LinearLayout[@class='android.widget.LinearLayout']//android.widget.TextView[@resource-id='com.xiaomi.smarthome:id/bma' and @text='查看历史监测记录' and @class='android.widget.TextView']" classname="com.xiaomi.smarthome.CameraPlayerNewActivity" time="0.0">
</testcase>
  <testcase 
  name="clickedIndex=118 action=CLICKED
xpath=//android.widget.FrameLayout[@class='android.widget.FrameLayout']//android.widget.LinearLayout[@class='android.widget.LinearLayout']//android.widget.FrameLayout[@class='android.widget.FrameLayout']//android.widget.LinearLayout[@resource-id='com.xiaomi.smarthome:id/e_' and @class='android.widget.LinearLayout']//android.widget.FrameLayout[@resource-id='android:id/content' and @class='android.widget.FrameLayout']//android.widget.RelativeLayout[@resource-id='com.xiaomi.smarthome:id/cf2' and @class='android.widget.RelativeLayout']//android.widget.LinearLayout[@resource-id='com.xiaomi.smarthome:id/dus' and @class='android.widget.LinearLayout']//android.widget.RelativeLayout[@resource-id='com.xiaomi.smarthome:id/cew' and @class='android.widget.RelativeLayout']//android.widget.LinearLayout[@class='android.widget.LinearLayout']//android.widget.ScrollView[@resource-id='com.xiaomi.smarthome:id/bv_' and @class='android.widget.ScrollView']//android.widget.FrameLayout[@class='android.widget.FrameLayout']//android.widget.LinearLayout[@class='android.widget.LinearLayout']//android.widget.RelativeLayout[@resource-id='com.xiaomi.smarthome:id/a0i' and @class='android.widget.RelativeLayout']//android.widget.LinearLayout[@class='android.widget.LinearLayout']//android.widget.TextView[@resource-id='com.xiaomi.smarthome:id/bmc' and @text='云存储' and @class='android.widget.TextView']" classname="com.xiaomi.smarthome.CameraPlayerNewActivity" time="0.0">
</testcase>
  <testcase 
  name="clickedIndex=119 action=CLICKED
xpath=//android.widget.FrameLayout[@class='android.widget.FrameLayout']//android.widget.LinearLayout[@class='android.widget.LinearLayout']//android.widget.FrameLayout[@class='android.widget.FrameLayout']//android.widget.LinearLayout[@resource-id='com.xiaomi.smarthome:id/e_' and @class='android.widget.LinearLayout']//android.widget.FrameLayout[@resource-id='android:id/content' and @class='android.widget.FrameLayout']//android.widget.RelativeLayout[@resource-id='com.xiaomi.smarthome:id/cf2' and @class='android.widget.RelativeLayout']//android.widget.LinearLayout[@resource-id='com.xiaomi.smarthome:id/dus' and @class='android.widget.LinearLayout']//android.widget.RelativeLayout[@resource-id='com.xiaomi.smarthome:id/cew' and @class='android.widget.RelativeLayout']//android.widget.LinearLayout[@class='android.widget.LinearLayout']//android.widget.ScrollView[@resource-id='com.xiaomi.smarthome:id/bv_' and @class='android.widget.ScrollView']//android.widget.FrameLayout[@class='android.widget.FrameLayout']//android.widget.LinearLayout[@class='android.widget.LinearLayout']//android.widget.RelativeLayout[@resource-id='com.xiaomi.smarthome:id/a0i' and @class='android.widget.RelativeLayout']//android.widget.LinearLayout[@class='android.widget.LinearLayout']//android.widget.TextView[@resource-id='com.xiaomi.smarthome:id/bma' and @class='android.widget.TextView']" classname="com.xiaomi.smarthome.CameraPlayerNewActivity" time="0.0">
</testcase>
  <testcase 
  name="clickedIndex=120 action=CLICKED
xpath=//android.widget.FrameLayout[@class='android.widget.FrameLayout']//android.widget.LinearLayout[@class='android.widget.LinearLayout']//android.widget.FrameLayout[@class='android.widget.FrameLayout']//android.widget.LinearLayout[@resource-id='com.xiaomi.smarthome:id/e_' and @class='android.widget.LinearLayout']//android.widget.FrameLayout[@resource-id='android:id/content' and @class='android.widget.FrameLayout']//android.widget.RelativeLayout[@resource-id='com.xiaomi.smarthome:id/cf2' and @class='android.widget.RelativeLayout']//android.widget.LinearLayout[@resource-id='com.xiaomi.smarthome:id/dus' and @class='android.widget.LinearLayout']//android.widget.RelativeLayout[@resource-id='com.xiaomi.smarthome:id/cew' and @class='android.widget.RelativeLayout']//android.widget.LinearLayout[@class='android.widget.LinearLayout']//android.widget.ScrollView[@resource-id='com.xiaomi.smarthome:id/bv_' and @class='android.widget.ScrollView']//android.widget.FrameLayout[@class='android.widget.FrameLayout']//android.widget.LinearLayout[@class='android.widget.LinearLayout']//android.widget.RelativeLayout[@resource-id='com.xiaomi.smarthome:id/h4' and @class='android.widget.RelativeLayout']" classname="com.xiaomi.smarthome.CameraPlayerNewActivity" time="0.0">
</testcase>
  <testcase 
  name="clickedIndex=122 action=CLICKED
xpath=//android.widget.FrameLayout[@class='android.widget.FrameLayout']//android.widget.LinearLayout[@class='android.widget.LinearLayout']//android.widget.FrameLayout[@class='android.widget.FrameLayout']//android.widget.LinearLayout[@resource-id='com.xiaomi.smarthome:id/e_' and @class='android.widget.LinearLayout']//android.widget.FrameLayout[@resource-id='android:id/content' and @class='android.widget.FrameLayout']//android.widget.RelativeLayout[@resource-id='com.xiaomi.smarthome:id/cf2' and @class='android.widget.RelativeLayout']//android.widget.LinearLayout[@resource-id='com.xiaomi.smarthome:id/dus' and @class='android.widget.LinearLayout']//android.widget.RelativeLayout[@resource-id='com.xiaomi.smarthome:id/cew' and @class='android.widget.RelativeLayout']//android.widget.LinearLayout[@class='android.widget.LinearLayout']//android.widget.ScrollView[@resource-id='com.xiaomi.smarthome:id/bv_' and @class='android.widget.ScrollView']//android.widget.FrameLayout[@class='android.widget.FrameLayout']//android.widget.LinearLayout[@class='android.widget.LinearLayout']//android.widget.RelativeLayout[@resource-id='com.xiaomi.smarthome:id/c4o' and @class='android.widget.RelativeLayout']" classname="com.xiaomi.smarthome.CameraPlayerNewActivity" time="0.0">
</testcase>
  <testcase 
  name="clickedIndex=124 action=CLICKED
xpath=//android.widget.FrameLayout[@class='android.widget.FrameLayout']//android.widget.LinearLayout[@class='android.widget.LinearLayout']//android.widget.FrameLayout[@class='android.widget.FrameLayout']//android.widget.LinearLayout[@resource-id='com.xiaomi.smarthome:id/e_' and @class='android.widget.LinearLayout']//android.widget.FrameLayout[@resource-id='android:id/content' and @class='android.widget.FrameLayout']//android.widget.RelativeLayout[@resource-id='com.xiaomi.smarthome:id/cf2' and @class='android.widget.RelativeLayout']//android.widget.LinearLayout[@resource-id='com.xiaomi.smarthome:id/dus' and @class='android.widget.LinearLayout']//android.widget.RelativeLayout[@resource-id='com.xiaomi.smarthome:id/cew' and @class='android.widget.RelativeLayout']//android.widget.LinearLayout[@class='android.widget.LinearLayout']//android.widget.ScrollView[@resource-id='com.xiaomi.smarthome:id/bv_' and @class='android.widget.ScrollView']//android.widget.FrameLayout[@class='android.widget.FrameLayout']//android.widget.LinearLayout[@class='android.widget.LinearLayout']//android.widget.RelativeLayout[@resource-id='com.xiaomi.smarthome:id/a0i' and @class='android.widget.RelativeLayout']" classname="com.xiaomi.smarthome.CameraPlayerNewActivity" time="0.0">
</testcase>
  <testcase 
  name="clickedIndex=125 action=CLICKED
xpath=//android.widget.FrameLayout[@class='android.widget.FrameLayout']//android.widget.LinearLayout[@class='android.widget.LinearLayout']//android.widget.FrameLayout[@class='android.widget.FrameLayout']//android.widget.LinearLayout[@resource-id='com.xiaomi.smarthome:id/e_' and @class='android.widget.LinearLayout']//android.widget.FrameLayout[@resource-id='android:id/content' and @class='android.widget.FrameLayout']//android.widget.RelativeLayout[@resource-id='com.xiaomi.smarthome:id/cf2' and @class='android.widget.RelativeLayout']//android.widget.LinearLayout[@resource-id='com.xiaomi.smarthome:id/dus' and @class='android.widget.LinearLayout']//android.widget.RelativeLayout[@resource-id='com.xiaomi.smarthome:id/cew' and @class='android.widget.RelativeLayout']//android.widget.LinearLayout[@class='android.widget.LinearLayout']//android.widget.LinearLayout[@resource-id='com.xiaomi.smarthome:id/d8f' and @class='android.widget.LinearLayout']//android.widget.FrameLayout[@class='android.widget.FrameLayout']//android.widget.ImageView[@resource-id='com.xiaomi.smarthome:id/b2j' and @class='android.widget.ImageView']" classname="com.xiaomi.smarthome.CameraPlayerNewActivity" time="0.0">
</testcase>
  <testcase 
  name="clickedIndex=126 action=CLICKED
xpath=//android.widget.FrameLayout[@class='android.widget.FrameLayout']//android.widget.LinearLayout[@class='android.widget.LinearLayout']//android.widget.FrameLayout[@class='android.widget.FrameLayout']//android.widget.LinearLayout[@resource-id='com.xiaomi.smarthome:id/e_' and @class='android.widget.LinearLayout']//android.widget.FrameLayout[@resource-id='android:id/content' and @class='android.widget.FrameLayout']//android.widget.RelativeLayout[@resource-id='com.xiaomi.smarthome:id/cf2' and @class='android.widget.RelativeLayout']//android.widget.LinearLayout[@resource-id='com.xiaomi.smarthome:id/dus' and @class='android.widget.LinearLayout']//android.widget.RelativeLayout[@resource-id='com.xiaomi.smarthome:id/cew' and @class='android.widget.RelativeLayout']//android.widget.LinearLayout[@class='android.widget.LinearLayout']//android.widget.LinearLayout[@resource-id='com.xiaomi.smarthome:id/d8f' and @class='android.widget.LinearLayout']//android.widget.FrameLayout[@class='android.widget.FrameLayout']//android.widget.CheckBox[@resource-id='com.xiaomi.smarthome:id/wc' and @class='android.widget.CheckBox']" classname="com.xiaomi.smarthome.CameraPlayerNewActivity" time="0.0">
</testcase>
  <testcase 
  name="clickedIndex=127 action=CLICKED
xpath=//android.widget.FrameLayout[@class='android.widget.FrameLayout']//android.widget.LinearLayout[@class='android.widget.LinearLayout']//android.widget.FrameLayout[@class='android.widget.FrameLayout']//android.widget.LinearLayout[@resource-id='com.xiaomi.smarthome:id/e_' and @class='android.widget.LinearLayout']//android.widget.FrameLayout[@resource-id='android:id/content' and @class='android.widget.FrameLayout']//android.widget.RelativeLayout[@resource-id='com.xiaomi.smarthome:id/cf2' and @class='android.widget.RelativeLayout']//android.widget.LinearLayout[@resource-id='com.xiaomi.smarthome:id/dus' and @class='android.widget.LinearLayout']//android.widget.FrameLayout[@resource-id='com.xiaomi.smarthome:id/dup' and @class='android.widget.FrameLayout']//android.widget.LinearLayout[@resource-id='com.xiaomi.smarthome:id/bd1' and @class='android.widget.LinearLayout']//android.widget.FrameLayout[@class='android.widget.FrameLayout']//android.widget.ImageView[@resource-id='com.xiaomi.smarthome:id/wh' and @class='android.widget.ImageView']" classname="com.xiaomi.smarthome.CameraPlayerNewActivity" time="0.0">
</testcase>
  <testcase 
  name="clickedIndex=128 action=CLICKED
xpath=//android.widget.FrameLayout[@class='android.widget.FrameLayout']//android.widget.LinearLayout[@class='android.widget.LinearLayout']//android.widget.FrameLayout[@class='android.widget.FrameLayout']//android.widget.LinearLayout[@resource-id='com.xiaomi.smarthome:id/e_' and @class='android.widget.LinearLayout']//android.widget.FrameLayout[@resource-id='android:id/content' and @class='android.widget.FrameLayout']//android.widget.RelativeLayout[@resource-id='com.xiaomi.smarthome:id/cf2' and @class='android.widget.RelativeLayout']//android.widget.LinearLayout[@resource-id='com.xiaomi.smarthome:id/dus' and @class='android.widget.LinearLayout']//android.widget.FrameLayout[@resource-id='com.xiaomi.smarthome:id/dup' and @class='android.widget.FrameLayout']//android.widget.LinearLayout[@resource-id='com.xiaomi.smarthome:id/bd1' and @class='android.widget.LinearLayout']//android.widget.FrameLayout[@class='android.widget.FrameLayout']//android.widget.CheckBox[@resource-id='com.xiaomi.smarthome:id/we' and @class='android.widget.CheckBox']" classname="com.xiaomi.smarthome.CameraPlayerNewActivity" time="0.0">
</testcase>
  <testcase 
  name="clickedIndex=129 action=CLICKED
xpath=//android.widget.FrameLayout[@class='android.widget.FrameLayout']//android.widget.LinearLayout[@class='android.widget.LinearLayout']//android.widget.FrameLayout[@class='android.widget.FrameLayout']//android.widget.LinearLayout[@resource-id='com.xiaomi.smarthome:id/e_' and @class='android.widget.LinearLayout']//android.widget.FrameLayout[@resource-id='android:id/content' and @class='android.widget.FrameLayout']//android.widget.RelativeLayout[@resource-id='com.xiaomi.smarthome:id/cf2' and @class='android.widget.RelativeLayout']//android.widget.LinearLayout[@resource-id='com.xiaomi.smarthome:id/dus' and @class='android.widget.LinearLayout']//android.widget.FrameLayout[@resource-id='com.xiaomi.smarthome:id/dup' and @class='android.widget.FrameLayout']//android.widget.LinearLayout[@resource-id='com.xiaomi.smarthome:id/bd1' and @class='android.widget.LinearLayout']//android.widget.FrameLayout[@class='android.widget.FrameLayout']//android.widget.ImageView[@resource-id='com.xiaomi.smarthome:id/dpg' and @class='android.widget.ImageView']" classname="com.xiaomi.smarthome.CameraPlayerNewActivity" time="0.0">
</testcase>
  <testcase 
  name="clickedIndex=130 action=CLICKED
xpath=//android.widget.FrameLayout[@class='android.widget.FrameLayout']//android.widget.LinearLayout[@class='android.widget.LinearLayout']//android.widget.FrameLayout[@class='android.widget.FrameLayout']//android.widget.LinearLayout[@resource-id='com.xiaomi.smarthome:id/e_' and @class='android.widget.LinearLayout']//android.widget.FrameLayout[@resource-id='android:id/content' and @class='android.widget.FrameLayout']//android.widget.RelativeLayout[@resource-id='com.xiaomi.smarthome:id/cf2' and @class='android.widget.RelativeLayout']//android.widget.LinearLayout[@resource-id='com.xiaomi.smarthome:id/dus' and @class='android.widget.LinearLayout']//android.widget.FrameLayout[@resource-id='com.xiaomi.smarthome:id/dup' and @class='android.widget.FrameLayout']//android.widget.LinearLayout[@resource-id='com.xiaomi.smarthome:id/bd1' and @class='android.widget.LinearLayout']//android.widget.FrameLayout[@class='android.widget.FrameLayout']//android.widget.ImageView[@resource-id='com.xiaomi.smarthome:id/b2w' and @class='android.widget.ImageView']" classname="com.xiaomi.smarthome.CameraPlayerNewActivity" time="0.0">
</testcase>
  <testcase 
  name="clickedIndex=131 action=CLICKED
xpath=//android.widget.FrameLayout[@class='android.widget.FrameLayout']//android.widget.LinearLayout[@class='android.widget.LinearLayout']//android.widget.FrameLayout[@class='android.widget.FrameLayout']//android.widget.LinearLayout[@resource-id='com.xiaomi.smarthome:id/e_' and @class='android.widget.LinearLayout']//android.widget.FrameLayout[@resource-id='android:id/content' and @class='android.widget.FrameLayout']//android.widget.RelativeLayout[@resource-id='com.xiaomi.smarthome:id/cf2' and @class='android.widget.RelativeLayout']//android.widget.LinearLayout[@resource-id='com.xiaomi.smarthome:id/dus' and @class='android.widget.LinearLayout']//android.widget.RelativeLayout[@resource-id='com.xiaomi.smarthome:id/cew' and @class='android.widget.RelativeLayout']//android.widget.LinearLayout[@class='android.widget.LinearLayout']//android.widget.LinearLayout[@resource-id='com.xiaomi.smarthome:id/d8f' and @class='android.widget.LinearLayout']//android.widget.ImageView[@resource-id='com.xiaomi.smarthome:id/btf' and @class='android.widget.ImageView']" classname="com.xiaomi.smarthome.CameraPlayerNewActivity" time="0.0">
</testcase>
  <testcase 
  name="clickedIndex=133 action=CLICKED
xpath=//android.widget.FrameLayout[@class='android.widget.FrameLayout']//android.widget.FrameLayout[@class='android.widget.FrameLayout']//android.widget.FrameLayout[@resource-id='android:id/content' and @class='android.widget.FrameLayout']//android.widget.LinearLayout[@class='android.widget.LinearLayout']//android.widget.LinearLayout[@class='android.widget.LinearLayout']//android.widget.LinearLayout[@class='android.widget.LinearLayout']//android.widget.Button[@resource-id='com.xiaomi.smarthome:id/u3' and @text='取消' and @class='android.widget.Button']" classname="com.xiaomi.smarthome.CameraPlayerNewActivity" time="0.0">
</testcase>
  <testcase 
  name="clickedIndex=134 action=CLICKED
xpath=//android.widget.FrameLayout[@class='android.widget.FrameLayout']//android.widget.LinearLayout[@class='android.widget.LinearLayout']//android.widget.FrameLayout[@class='android.widget.FrameLayout']//android.widget.LinearLayout[@resource-id='com.xiaomi.smarthome:id/e_' and @class='android.widget.LinearLayout']//android.widget.FrameLayout[@resource-id='android:id/content' and @class='android.widget.FrameLayout']//android.widget.RelativeLayout[@resource-id='com.xiaomi.smarthome:id/cf2' and @class='android.widget.RelativeLayout']//android.widget.LinearLayout[@resource-id='com.xiaomi.smarthome:id/dus' and @class='android.widget.LinearLayout']//android.widget.RelativeLayout[@resource-id='com.xiaomi.smarthome:id/cew' and @class='android.widget.RelativeLayout']//android.widget.LinearLayout[@class='android.widget.LinearLayout']//android.widget.LinearLayout[@resource-id='com.xiaomi.smarthome:id/d8f' and @class='android.widget.LinearLayout']//android.widget.ImageView[@resource-id='com.xiaomi.smarthome:id/aar' and @class='android.widget.ImageView']" classname="com.xiaomi.smarthome.CameraPlayerNewActivity" time="0.0">
</testcase>
  <testcase 
  name="clickedIndex=135 action=CLICKED
xpath=//android.widget.FrameLayout[@class='android.widget.FrameLayout']//android.widget.LinearLayout[@class='android.widget.LinearLayout']//android.widget.FrameLayout[@class='android.widget.FrameLayout']//android.widget.LinearLayout[@resource-id='com.xiaomi.smarthome:id/e_' and @class='android.widget.LinearLayout']//android.widget.FrameLayout[@resource-id='android:id/content' and @class='android.widget.FrameLayout']//android.widget.RelativeLayout[@resource-id='com.xiaomi.smarthome:id/cf2' and @class='android.widget.RelativeLayout']//android.widget.FrameLayout[@resource-id='com.xiaomi.smarthome:id/d7c' and @class='android.widget.FrameLayout']//android.widget.ImageView[@resource-id='com.xiaomi.smarthome:id/d7u' and @class='android.widget.ImageView']" classname="com.xiaomi.smarthome.CameraPlayerNewActivity" time="0.0">
</testcase>
  <testcase 
  name="clickedIndex=163 action=CLICKED
xpath=//android.widget.FrameLayout[@class='android.widget.FrameLayout']" classname="com.xiaomi.smarthome.CameraPlayerNewActivity" time="0.0">
</testcase>
  <testcase 
  name="clickedIndex=171 action=CLICKED
xpath=//android.widget.FrameLayout[@class='android.widget.FrameLayout']//android.widget.LinearLayout[@class='android.widget.LinearLayout']//android.widget.FrameLayout[@class='android.widget.FrameLayout']//android.widget.LinearLayout[@resource-id='com.xiaomi.smarthome:id/e_' and @class='android.widget.LinearLayout']//android.widget.FrameLayout[@resource-id='android:id/content' and @class='android.widget.FrameLayout']//android.widget.RelativeLayout[@resource-id='com.xiaomi.smarthome:id/cf2' and @class='android.widget.RelativeLayout']//android.widget.LinearLayout[@resource-id='com.xiaomi.smarthome:id/dus' and @class='android.widget.LinearLayout']//android.widget.FrameLayout[@resource-id='com.xiaomi.smarthome:id/dup' and @class='android.widget.FrameLayout']//android.widget.RelativeLayout[@class='android.widget.RelativeLayout']//android.widget.LinearLayout[@class='android.widget.LinearLayout']//android.widget.LinearLayout[@class='android.widget.LinearLayout']//android.widget.TextView[@resource-id='com.xiaomi.smarthome:id/cp0' and @text='查看帮助' and @class='android.widget.TextView']" classname="com.xiaomi.smarthome.CameraPlayerNewActivity" time="0.0">
</testcase>
  <testcase 
  name="clickedIndex=172 action=CLICKED
xpath=//android.widget.FrameLayout[@class='android.widget.FrameLayout']//android.widget.FrameLayout[@class='android.widget.FrameLayout']//android.widget.FrameLayout[@resource-id='android:id/content' and @class='android.widget.FrameLayout']//android.widget.LinearLayout[@resource-id='com.xiaomi.smarthome:id/ci8' and @class='android.widget.LinearLayout']//android.widget.RelativeLayout[@class='android.widget.RelativeLayout']//android.widget.ImageView[@resource-id='com.xiaomi.smarthome:id/a0c' and @class='android.widget.ImageView']" classname="com.xiaomi.smarthome.CameraPlayerNewActivity" time="0.0">
</testcase>
  <testcase 
  name="clickedIndex=173 action=CLICKED
xpath=//android.widget.FrameLayout[@class='android.widget.FrameLayout']//android.widget.LinearLayout[@class='android.widget.LinearLayout']//android.widget.FrameLayout[@class='android.widget.FrameLayout']//android.widget.LinearLayout[@resource-id='com.xiaomi.smarthome:id/e_' and @class='android.widget.LinearLayout']//android.widget.FrameLayout[@resource-id='android:id/content' and @class='android.widget.FrameLayout']//android.widget.RelativeLayout[@resource-id='com.xiaomi.smarthome:id/cf2' and @class='android.widget.RelativeLayout']//android.widget.LinearLayout[@resource-id='com.xiaomi.smarthome:id/dus' and @class='android.widget.LinearLayout']//android.widget.FrameLayout[@resource-id='com.xiaomi.smarthome:id/dup' and @class='android.widget.FrameLayout']//android.widget.RelativeLayout[@class='android.widget.RelativeLayout']//android.widget.LinearLayout[@class='android.widget.LinearLayout']//android.widget.ImageView[@resource-id='com.xiaomi.smarthome:id/cdd' and @class='android.widget.ImageView']" classname="com.xiaomi.smarthome.CameraPlayerNewActivity" time="0.0">
</testcase>
  <system-out><![CDATA[]]></system-out>
  <system-err><![CDATA[]]></system-err>
</testsuite>
