<?xml version="1.0" encoding="UTF-8" ?>
<testsuite 
errors="0" failures="0" hostname="ubuntu" name="com.xiaomi.smarthome.AlarmSettingV2Activity" tests="15" time="0.0" timestamp="2023-07-25T20:16:40">
  <properties>
[...]
</properties>
  <testcase 
  name="clickedIndex=49 action=CLICKED
xpath=//android.widget.FrameLayout[@class='android.widget.FrameLayout']//android.widget.LinearLayout[@class='android.widget.LinearLayout']//android.widget.FrameLayout[@resource-id='android:id/content' and @class='android.widget.FrameLayout']//android.widget.FrameLayout[@class='android.widget.FrameLayout']//android.widget.LinearLayout[@resource-id='com.xiaomi.smarthome:id/c0s' and @class='android.widget.LinearLayout']//android.widget.FrameLayout[@resource-id='com.xiaomi.smarthome:id/a5b' and @class='android.widget.FrameLayout']//android.widget.FrameLayout[@resource-id='com.xiaomi.smarthome:id/a57' and @class='android.widget.FrameLayout']//android.widget.LinearLayout[@class='android.widget.LinearLayout']//android.widget.LinearLayout[@resource-id='com.xiaomi.smarthome:id/b9r' and @class='android.widget.LinearLayout']//android.widget.LinearLayout[@class='android.widget.LinearLayout']//android.widget.TextView[@resource-id='com.xiaomi.smarthome:id/d44' and @text='高灵敏度' and @class='android.widget.TextView']" classname="com.xiaomi.smarthome.AlarmSettingV2Activity" time="0.0">
</testcase>
  <testcase 
  name="clickedIndex=50 action=CLICKED
xpath=//android.widget.FrameLayout[@class='android.widget.FrameLayout']//android.widget.LinearLayout[@class='android.widget.LinearLayout']//android.widget.FrameLayout[@resource-id='android:id/content' and @class='android.widget.FrameLayout']//android.widget.FrameLayout[@class='android.widget.FrameLayout']//android.widget.LinearLayout[@resource-id='com.xiaomi.smarthome:id/c0s' and @class='android.widget.LinearLayout']//android.widget.FrameLayout[@resource-id='com.xiaomi.smarthome:id/a5b' and @class='android.widget.FrameLayout']//android.widget.FrameLayout[@resource-id='com.xiaomi.smarthome:id/a57' and @class='android.widget.FrameLayout']//android.widget.LinearLayout[@class='android.widget.LinearLayout']//android.widget.LinearLayout[@resource-id='com.xiaomi.smarthome:id/b9s' and @class='android.widget.LinearLayout']//android.widget.LinearLayout[@class='android.widget.LinearLayout']//android.widget.TextView[@resource-id='com.xiaomi.smarthome:id/d45' and @text='低灵敏度' and @class='android.widget.TextView']" classname="com.xiaomi.smarthome.AlarmSettingV2Activity" time="0.0">
</testcase>
  <testcase 
  name="clickedIndex=51 action=CLICKED
xpath=//android.widget.FrameLayout[@class='android.widget.FrameLayout']//android.widget.LinearLayout[@class='android.widget.LinearLayout']//android.widget.FrameLayout[@resource-id='android:id/content' and @class='android.widget.FrameLayout']//android.widget.FrameLayout[@class='android.widget.FrameLayout']//android.widget.LinearLayout[@resource-id='com.xiaomi.smarthome:id/c0s' and @class='android.widget.LinearLayout']//android.widget.FrameLayout[@resource-id='com.xiaomi.smarthome:id/a5b' and @class='android.widget.FrameLayout']//android.widget.FrameLayout[@resource-id='com.xiaomi.smarthome:id/a57' and @class='android.widget.FrameLayout']//android.widget.LinearLayout[@class='android.widget.LinearLayout']//android.widget.LinearLayout[@resource-id='com.xiaomi.smarthome:id/b9r' and @class='android.widget.LinearLayout']//android.widget.LinearLayout[@class='android.widget.LinearLayout']//android.widget.TextView[@resource-id='com.xiaomi.smarthome:id/d73' and @class='android.widget.TextView']" classname="com.xiaomi.smarthome.AlarmSettingV2Activity" time="0.0">
</testcase>
  <testcase 
  name="clickedIndex=52 action=CLICKED
xpath=//android.widget.FrameLayout[@class='android.widget.FrameLayout']//android.widget.LinearLayout[@class='android.widget.LinearLayout']//android.widget.FrameLayout[@resource-id='android:id/content' and @class='android.widget.FrameLayout']//android.widget.FrameLayout[@class='android.widget.FrameLayout']//android.widget.LinearLayout[@resource-id='com.xiaomi.smarthome:id/c0s' and @class='android.widget.LinearLayout']//android.widget.FrameLayout[@resource-id='com.xiaomi.smarthome:id/a5b' and @class='android.widget.FrameLayout']//android.widget.FrameLayout[@resource-id='com.xiaomi.smarthome:id/a57' and @class='android.widget.FrameLayout']//android.widget.LinearLayout[@class='android.widget.LinearLayout']//android.widget.LinearLayout[@resource-id='com.xiaomi.smarthome:id/b9s' and @class='android.widget.LinearLayout']//android.widget.LinearLayout[@class='android.widget.LinearLayout']//android.widget.TextView[@resource-id='com.xiaomi.smarthome:id/d74' and @class='android.widget.TextView']" classname="com.xiaomi.smarthome.AlarmSettingV2Activity" time="0.0">
</testcase>
  <testcase 
  name="clickedIndex=53 action=CLICKED
xpath=//android.widget.FrameLayout[@class='android.widget.FrameLayout']//android.widget.LinearLayout[@class='android.widget.LinearLayout']//android.widget.FrameLayout[@resource-id='android:id/content' and @class='android.widget.FrameLayout']//android.widget.FrameLayout[@class='android.widget.FrameLayout']//android.widget.LinearLayout[@resource-id='com.xiaomi.smarthome:id/c0s' and @class='android.widget.LinearLayout']//android.widget.FrameLayout[@resource-id='com.xiaomi.smarthome:id/a5b' and @class='android.widget.FrameLayout']//android.widget.FrameLayout[@resource-id='com.xiaomi.smarthome:id/a57' and @class='android.widget.FrameLayout']//android.widget.LinearLayout[@class='android.widget.LinearLayout']//android.widget.LinearLayout[@resource-id='com.xiaomi.smarthome:id/b9r' and @class='android.widget.LinearLayout']" classname="com.xiaomi.smarthome.AlarmSettingV2Activity" time="0.0">
</testcase>
  <testcase 
  name="clickedIndex=54 action=CLICKED
xpath=//android.widget.FrameLayout[@class='android.widget.FrameLayout']//android.widget.LinearLayout[@class='android.widget.LinearLayout']//android.widget.FrameLayout[@resource-id='android:id/content' and @class='android.widget.FrameLayout']//android.widget.FrameLayout[@class='android.widget.FrameLayout']//android.widget.LinearLayout[@resource-id='com.xiaomi.smarthome:id/c0s' and @class='android.widget.LinearLayout']//android.widget.FrameLayout[@resource-id='com.xiaomi.smarthome:id/a5b' and @class='android.widget.FrameLayout']//android.widget.FrameLayout[@resource-id='com.xiaomi.smarthome:id/a57' and @class='android.widget.FrameLayout']//android.widget.LinearLayout[@class='android.widget.LinearLayout']//android.widget.LinearLayout[@resource-id='com.xiaomi.smarthome:id/b9s' and @class='android.widget.LinearLayout']" classname="com.xiaomi.smarthome.AlarmSettingV2Activity" time="0.0">
</testcase>
  <testcase 
  name="clickedIndex=55 action=CLICKED
xpath=//android.widget.FrameLayout[@class='android.widget.FrameLayout']//android.widget.LinearLayout[@class='android.widget.LinearLayout']//android.widget.FrameLayout[@resource-id='android:id/content' and @class='android.widget.FrameLayout']//android.widget.FrameLayout[@class='android.widget.FrameLayout']//android.widget.LinearLayout[@resource-id='com.xiaomi.smarthome:id/c0s' and @class='android.widget.LinearLayout']//android.widget.LinearLayout[@resource-id='com.xiaomi.smarthome:id/s1' and @class='android.widget.LinearLayout']//android.widget.Button[@resource-id='com.xiaomi.smarthome:id/rx' and @text='取消' and @class='android.widget.Button']" classname="com.xiaomi.smarthome.AlarmSettingV2Activity" time="0.0">
</testcase>
  <testcase 
  name="clickedIndex=57 action=CLICKED
xpath=//android.widget.FrameLayout[@class='android.widget.FrameLayout']//android.widget.LinearLayout[@class='android.widget.LinearLayout']//android.widget.FrameLayout[@resource-id='android:id/content' and @class='android.widget.FrameLayout']//android.widget.FrameLayout[@class='android.widget.FrameLayout']//android.widget.LinearLayout[@resource-id='com.xiaomi.smarthome:id/c0s' and @class='android.widget.LinearLayout']//android.widget.LinearLayout[@resource-id='com.xiaomi.smarthome:id/s1' and @class='android.widget.LinearLayout']//android.widget.Button[@resource-id='com.xiaomi.smarthome:id/ru' and @text='确定' and @class='android.widget.Button']" classname="com.xiaomi.smarthome.AlarmSettingV2Activity" time="0.0">
</testcase>
  <testcase 
  name="clickedIndex=59 action=CLICKED
xpath=//android.widget.FrameLayout[@class='android.widget.FrameLayout']//android.widget.LinearLayout[@class='android.widget.LinearLayout']//android.widget.FrameLayout[@resource-id='android:id/content' and @class='android.widget.FrameLayout']//android.widget.FrameLayout[@class='android.widget.FrameLayout']//android.widget.LinearLayout[@resource-id='com.xiaomi.smarthome:id/c0s' and @class='android.widget.LinearLayout']//android.widget.LinearLayout[@resource-id='com.xiaomi.smarthome:id/a2s' and @class='android.widget.LinearLayout']//android.widget.ListView[@resource-id='com.xiaomi.smarthome:id/cpc' and @class='android.widget.ListView']//android.widget.LinearLayout[@class='android.widget.LinearLayout']//android.widget.TextView[@resource-id='com.xiaomi.smarthome:id/d44' and @text='5分钟' and @class='android.widget.TextView']" classname="com.xiaomi.smarthome.AlarmSettingV2Activity" time="0.0">
</testcase>
  <testcase 
  name="clickedIndex=60 action=CLICKED
xpath=//android.widget.FrameLayout[@class='android.widget.FrameLayout']//android.widget.LinearLayout[@class='android.widget.LinearLayout']//android.widget.FrameLayout[@resource-id='android:id/content' and @class='android.widget.FrameLayout']//android.widget.FrameLayout[@class='android.widget.FrameLayout']//android.widget.LinearLayout[@resource-id='com.xiaomi.smarthome:id/c0s' and @class='android.widget.LinearLayout']//android.widget.LinearLayout[@resource-id='com.xiaomi.smarthome:id/a2s' and @class='android.widget.LinearLayout']//android.widget.ListView[@resource-id='com.xiaomi.smarthome:id/cpc' and @class='android.widget.ListView']//android.widget.LinearLayout[@class='android.widget.LinearLayout']//android.widget.TextView[@resource-id='com.xiaomi.smarthome:id/d44' and @text='3分钟' and @class='android.widget.TextView']" classname="com.xiaomi.smarthome.AlarmSettingV2Activity" time="0.0">
</testcase>
  <testcase 
  name="clickedIndex=61 action=CLICKED
xpath=//android.widget.FrameLayout[@class='android.widget.FrameLayout']//android.widget.LinearLayout[@class='android.widget.LinearLayout']//android.widget.FrameLayout[@resource-id='android:id/content' and @class='android.widget.FrameLayout']//android.widget.FrameLayout[@class='android.widget.FrameLayout']//android.widget.LinearLayout[@resource-id='com.xiaomi.smarthome:id/c0s' and @class='android.widget.LinearLayout']//android.widget.LinearLayout[@resource-id='com.xiaomi.smarthome:id/a2s' and @class='android.widget.LinearLayout']//android.widget.ListView[@resource-id='com.xiaomi.smarthome:id/cpc' and @class='android.widget.ListView']//android.widget.LinearLayout[@class='android.widget.LinearLayout']//android.widget.TextView[@resource-id='com.xiaomi.smarthome:id/d44' and @text='10分钟' and @class='android.widget.TextView']" classname="com.xiaomi.smarthome.AlarmSettingV2Activity" time="0.0">
</testcase>
  <testcase 
  name="clickedIndex=62 action=CLICKED
xpath=//android.widget.FrameLayout[@class='android.widget.FrameLayout']//android.widget.LinearLayout[@class='android.widget.LinearLayout']//android.widget.FrameLayout[@resource-id='android:id/content' and @class='android.widget.FrameLayout']//android.widget.FrameLayout[@class='android.widget.FrameLayout']//android.widget.LinearLayout[@resource-id='com.xiaomi.smarthome:id/c0s' and @class='android.widget.LinearLayout']//android.widget.LinearLayout[@resource-id='com.xiaomi.smarthome:id/a2s' and @class='android.widget.LinearLayout']//android.widget.ListView[@resource-id='com.xiaomi.smarthome:id/cpc' and @class='android.widget.ListView']//android.widget.LinearLayout[@class='android.widget.LinearLayout']//android.widget.TextView[@resource-id='com.xiaomi.smarthome:id/d44' and @text='30分钟' and @class='android.widget.TextView']" classname="com.xiaomi.smarthome.AlarmSettingV2Activity" time="0.0">
</testcase>
  <testcase 
  name="clickedIndex=63 action=CLICKED
xpath=//android.widget.FrameLayout[@class='android.widget.FrameLayout']//android.widget.LinearLayout[@class='android.widget.LinearLayout']//android.widget.FrameLayout[@resource-id='android:id/content' and @class='android.widget.FrameLayout']//android.widget.FrameLayout[@class='android.widget.FrameLayout']//android.widget.LinearLayout[@resource-id='com.xiaomi.smarthome:id/c0s' and @class='android.widget.LinearLayout']//android.widget.LinearLayout[@resource-id='com.xiaomi.smarthome:id/a2s' and @class='android.widget.LinearLayout']//android.widget.ListView[@resource-id='com.xiaomi.smarthome:id/cpc' and @class='android.widget.ListView']//android.widget.LinearLayout[@class='android.widget.LinearLayout']" classname="com.xiaomi.smarthome.AlarmSettingV2Activity" time="0.0">
</testcase>
  <testcase 
  name="clickedIndex=64 action=CLICKED
xpath=//android.widget.FrameLayout[@class='android.widget.FrameLayout']" classname="com.xiaomi.smarthome.AlarmSettingV2Activity" time="0.0">
</testcase>
  <testcase 
  name="clickedIndex=71 action=CLICKED
xpath=//android.widget.FrameLayout[@class='android.widget.FrameLayout']//android.widget.LinearLayout[@class='android.widget.LinearLayout']//android.widget.FrameLayout[@class='android.widget.FrameLayout']//android.widget.LinearLayout[@resource-id='com.xiaomi.smarthome:id/e_' and @class='android.widget.LinearLayout']//android.widget.FrameLayout[@resource-id='android:id/content' and @class='android.widget.FrameLayout']//android.widget.LinearLayout[@class='android.widget.LinearLayout']//android.widget.ScrollView[@class='android.widget.ScrollView']//android.widget.LinearLayout[@class='android.widget.LinearLayout']//android.widget.LinearLayout[@class='android.widget.LinearLayout']//android.widget.FrameLayout[@resource-id='com.xiaomi.smarthome:id/crg' and @class='android.widget.FrameLayout']//android.widget.LinearLayout[@class='android.widget.LinearLayout']//android.widget.CheckBox[@resource-id='com.xiaomi.smarthome:id/csc' and @class='android.widget.CheckBox']" classname="com.xiaomi.smarthome.AlarmSettingV2Activity" time="0.0">
</testcase>
  <system-out><![CDATA[]]></system-out>
  <system-err><![CDATA[]]></system-err>
</testsuite>
