<?xml version="1.0" encoding="UTF-8" ?>
<testsuite 
errors="0" failures="0" hostname="ubuntu" name="com.xiaomi.smarthome.米家" tests="17" time="0.0" timestamp="2023-07-25T20:16:40">
  <properties>
[...]
</properties>
  <testcase 
  name="clickedIndex=0 action=CLICKED
xpath=//android.widget.FrameLayout[@class='android.widget.FrameLayout']" classname="com.xiaomi.smarthome.米家" time="0.0">
</testcase>
  <testcase 
  name="clickedIndex=1 action=CLICKED
xpath=//android.widget.FrameLayout[@class='android.widget.FrameLayout']//android.widget.LinearLayout[@class='android.widget.LinearLayout']//android.widget.FrameLayout[@class='android.widget.FrameLayout']//android.widget.LinearLayout[@resource-id='com.xiaomi.smarthome:id/e_' and @class='android.widget.LinearLayout']//android.widget.FrameLayout[@resource-id='android:id/content' and @class='android.widget.FrameLayout']//android.widget.FrameLayout[@resource-id='com.xiaomi.smarthome:id/ac6' and @class='android.widget.FrameLayout']//android.widget.RelativeLayout[@resource-id='com.xiaomi.smarthome:id/b_j' and @class='android.widget.RelativeLayout']//android.widget.FrameLayout[@resource-id='com.xiaomi.smarthome:id/bjz' and @class='android.widget.FrameLayout']//android.widget.RelativeLayout[@resource-id='com.xiaomi.smarthome:id/cic' and @class='android.widget.RelativeLayout']//android.view.ViewGroup[@resource-id='com.xiaomi.smarthome:id/coordinator_layout_vs' and @class='android.view.ViewGroup']//androidx.viewpager.widget.ViewPager[@resource-id='com.xiaomi.smarthome:id/dwm' and @class='androidx.viewpager.widget.ViewPager']//androidx.recyclerview.widget.RecyclerView[@class='androidx.recyclerview.widget.RecyclerView']//android.view.ViewGroup[@class='android.view.ViewGroup']//android.widget.LinearLayout[@resource-id='com.xiaomi.smarthome:id/a_3' and @class='android.widget.LinearLayout']//android.widget.TextView[@resource-id='com.xiaomi.smarthome:id/dlr' and @text='共享设备' and @class='android.widget.TextView']" classname="com.xiaomi.smarthome.米家" time="0.0">
</testcase>
  <testcase 
  name="clickedIndex=164 action=CLICKED
xpath=//android.widget.FrameLayout[@class='android.widget.FrameLayout']//android.widget.LinearLayout[@class='android.widget.LinearLayout']//android.widget.FrameLayout[@class='android.widget.FrameLayout']//android.widget.LinearLayout[@resource-id='com.xiaomi.smarthome:id/e_' and @class='android.widget.LinearLayout']//android.widget.FrameLayout[@resource-id='android:id/content' and @class='android.widget.FrameLayout']//android.widget.FrameLayout[@resource-id='com.xiaomi.smarthome:id/ac6' and @class='android.widget.FrameLayout']//android.widget.RelativeLayout[@resource-id='com.xiaomi.smarthome:id/b_j' and @class='android.widget.RelativeLayout']//android.widget.FrameLayout[@resource-id='com.xiaomi.smarthome:id/bjz' and @class='android.widget.FrameLayout']//android.widget.RelativeLayout[@resource-id='com.xiaomi.smarthome:id/cic' and @class='android.widget.RelativeLayout']//android.view.ViewGroup[@resource-id='com.xiaomi.smarthome:id/coordinator_layout_vs' and @class='android.view.ViewGroup']//androidx.viewpager.widget.ViewPager[@resource-id='com.xiaomi.smarthome:id/dwm' and @class='androidx.viewpager.widget.ViewPager']//androidx.recyclerview.widget.RecyclerView[@class='androidx.recyclerview.widget.RecyclerView']//android.view.ViewGroup[@class='android.view.ViewGroup']//android.widget.LinearLayout[@resource-id='com.xiaomi.smarthome:id/a_3' and @class='android.widget.LinearLayout']//android.widget.TextView[@resource-id='com.xiaomi.smarthome:id/dh2' and @text=' | ' and @class='android.widget.TextView']" classname="com.xiaomi.smarthome.米家" time="0.0">
</testcase>
  <testcase 
  name="clickedIndex=166 action=CLICKED
xpath=//android.widget.FrameLayout[@class='android.widget.FrameLayout']//android.widget.LinearLayout[@class='android.widget.LinearLayout']//android.widget.FrameLayout[@class='android.widget.FrameLayout']//android.widget.LinearLayout[@resource-id='com.xiaomi.smarthome:id/e_' and @class='android.widget.LinearLayout']//android.widget.FrameLayout[@resource-id='android:id/content' and @class='android.widget.FrameLayout']//android.widget.FrameLayout[@resource-id='com.xiaomi.smarthome:id/ac6' and @class='android.widget.FrameLayout']//android.widget.RelativeLayout[@resource-id='com.xiaomi.smarthome:id/b_j' and @class='android.widget.RelativeLayout']//android.widget.FrameLayout[@resource-id='com.xiaomi.smarthome:id/bjz' and @class='android.widget.FrameLayout']//android.widget.RelativeLayout[@resource-id='com.xiaomi.smarthome:id/cic' and @class='android.widget.RelativeLayout']//android.view.ViewGroup[@resource-id='com.xiaomi.smarthome:id/coordinator_layout_vs' and @class='android.view.ViewGroup']//androidx.viewpager.widget.ViewPager[@resource-id='com.xiaomi.smarthome:id/dwm' and @class='androidx.viewpager.widget.ViewPager']//androidx.recyclerview.widget.RecyclerView[@class='androidx.recyclerview.widget.RecyclerView']//android.view.ViewGroup[@class='android.view.ViewGroup']//android.widget.LinearLayout[@resource-id='com.xiaomi.smarthome:id/a_3' and @class='android.widget.LinearLayout']//android.widget.TextView[@resource-id='com.xiaomi.smarthome:id/dh1' and @text='设备离线' and @class='android.widget.TextView']" classname="com.xiaomi.smarthome.米家" time="0.0">
</testcase>
  <testcase 
  name="clickedIndex=168 action=CLICKED
xpath=//android.widget.FrameLayout[@class='android.widget.FrameLayout']//android.widget.LinearLayout[@class='android.widget.LinearLayout']//android.widget.FrameLayout[@class='android.widget.FrameLayout']//android.widget.LinearLayout[@resource-id='com.xiaomi.smarthome:id/e_' and @class='android.widget.LinearLayout']//android.widget.FrameLayout[@resource-id='android:id/content' and @class='android.widget.FrameLayout']//android.widget.FrameLayout[@resource-id='com.xiaomi.smarthome:id/ac6' and @class='android.widget.FrameLayout']//android.widget.RelativeLayout[@resource-id='com.xiaomi.smarthome:id/b_j' and @class='android.widget.RelativeLayout']//android.widget.FrameLayout[@resource-id='com.xiaomi.smarthome:id/bjz' and @class='android.widget.FrameLayout']//android.widget.RelativeLayout[@resource-id='com.xiaomi.smarthome:id/cic' and @class='android.widget.RelativeLayout']//android.view.ViewGroup[@resource-id='com.xiaomi.smarthome:id/coordinator_layout_vs' and @class='android.view.ViewGroup']//androidx.viewpager.widget.ViewPager[@resource-id='com.xiaomi.smarthome:id/dwm' and @class='androidx.viewpager.widget.ViewPager']//androidx.recyclerview.widget.RecyclerView[@class='androidx.recyclerview.widget.RecyclerView']//android.view.ViewGroup[@class='android.view.ViewGroup']//android.widget.TextView[@resource-id='com.xiaomi.smarthome:id/dgz' and @class='android.widget.TextView']" classname="com.xiaomi.smarthome.米家" time="0.0">
</testcase>
  <testcase 
  name="clickedIndex=170 action=CLICKED
xpath=//android.widget.FrameLayout[@class='android.widget.FrameLayout']//android.widget.LinearLayout[@class='android.widget.LinearLayout']//android.widget.FrameLayout[@class='android.widget.FrameLayout']//android.widget.LinearLayout[@resource-id='com.xiaomi.smarthome:id/e_' and @class='android.widget.LinearLayout']//android.widget.FrameLayout[@resource-id='android:id/content' and @class='android.widget.FrameLayout']//android.widget.FrameLayout[@resource-id='com.xiaomi.smarthome:id/ac6' and @class='android.widget.FrameLayout']//android.widget.RelativeLayout[@resource-id='com.xiaomi.smarthome:id/b_j' and @class='android.widget.RelativeLayout']//android.widget.FrameLayout[@resource-id='com.xiaomi.smarthome:id/bjz' and @class='android.widget.FrameLayout']//android.widget.RelativeLayout[@resource-id='com.xiaomi.smarthome:id/cic' and @class='android.widget.RelativeLayout']//android.view.ViewGroup[@resource-id='com.xiaomi.smarthome:id/coordinator_layout_vs' and @class='android.view.ViewGroup']//androidx.viewpager.widget.ViewPager[@resource-id='com.xiaomi.smarthome:id/dwm' and @class='androidx.viewpager.widget.ViewPager']//androidx.recyclerview.widget.RecyclerView[@class='androidx.recyclerview.widget.RecyclerView']//android.view.ViewGroup[@class='android.view.ViewGroup']" classname="com.xiaomi.smarthome.米家" time="0.0">
</testcase>
  <testcase 
  name="clickedIndex=175 action=CLICKED
xpath=//android.widget.FrameLayout[@class='android.widget.FrameLayout']//android.widget.LinearLayout[@class='android.widget.LinearLayout']//android.widget.FrameLayout[@class='android.widget.FrameLayout']//android.widget.LinearLayout[@resource-id='com.xiaomi.smarthome:id/e_' and @class='android.widget.LinearLayout']//android.widget.FrameLayout[@resource-id='android:id/content' and @class='android.widget.FrameLayout']//android.widget.FrameLayout[@resource-id='com.xiaomi.smarthome:id/ac6' and @class='android.widget.FrameLayout']//android.widget.RelativeLayout[@resource-id='com.xiaomi.smarthome:id/b_j' and @class='android.widget.RelativeLayout']//android.widget.FrameLayout[@resource-id='com.xiaomi.smarthome:id/bjz' and @class='android.widget.FrameLayout']//android.widget.RelativeLayout[@resource-id='com.xiaomi.smarthome:id/cic' and @class='android.widget.RelativeLayout']//android.view.ViewGroup[@resource-id='com.xiaomi.smarthome:id/coordinator_layout_vs' and @class='android.view.ViewGroup']//android.view.ViewGroup[@resource-id='com.xiaomi.smarthome:id/d9n' and @class='android.view.ViewGroup']//android.view.ViewGroup[@class='android.view.ViewGroup']//android.view.ViewGroup[@resource-id='com.xiaomi.smarthome:id/aci' and @class='android.view.ViewGroup']//android.widget.FrameLayout[@resource-id='com.xiaomi.smarthome:id/c06' and @class='android.widget.FrameLayout']//android.widget.FrameLayout[@class='android.widget.FrameLayout']//android.widget.HorizontalScrollView[@resource-id='com.xiaomi.smarthome:id/cm0' and @class='android.widget.HorizontalScrollView']//android.widget.FrameLayout[@class='android.widget.FrameLayout']//android.widget.LinearLayout[@resource-id='com.xiaomi.smarthome:id/d8_' and @class='android.widget.LinearLayout']//android.widget.TextView[@text='常用' and @class='android.widget.TextView']" classname="com.xiaomi.smarthome.米家" time="0.0">
</testcase>
  <testcase 
  name="clickedIndex=176 action=CLICKED
xpath=//android.widget.FrameLayout[@class='android.widget.FrameLayout']//android.widget.LinearLayout[@class='android.widget.LinearLayout']//android.widget.FrameLayout[@class='android.widget.FrameLayout']//android.widget.LinearLayout[@resource-id='com.xiaomi.smarthome:id/e_' and @class='android.widget.LinearLayout']//android.widget.FrameLayout[@resource-id='android:id/content' and @class='android.widget.FrameLayout']//android.widget.FrameLayout[@resource-id='com.xiaomi.smarthome:id/ac6' and @class='android.widget.FrameLayout']//android.widget.RelativeLayout[@resource-id='com.xiaomi.smarthome:id/b_j' and @class='android.widget.RelativeLayout']//android.widget.FrameLayout[@resource-id='com.xiaomi.smarthome:id/bjz' and @class='android.widget.FrameLayout']//android.widget.RelativeLayout[@resource-id='com.xiaomi.smarthome:id/cic' and @class='android.widget.RelativeLayout']//android.view.ViewGroup[@resource-id='com.xiaomi.smarthome:id/coordinator_layout_vs' and @class='android.view.ViewGroup']//android.view.ViewGroup[@resource-id='com.xiaomi.smarthome:id/d9n' and @class='android.view.ViewGroup']//android.view.ViewGroup[@class='android.view.ViewGroup']//android.view.ViewGroup[@resource-id='com.xiaomi.smarthome:id/aci' and @class='android.view.ViewGroup']//android.widget.FrameLayout[@resource-id='com.xiaomi.smarthome:id/c06' and @class='android.widget.FrameLayout']//android.widget.FrameLayout[@class='android.widget.FrameLayout']//android.widget.HorizontalScrollView[@resource-id='com.xiaomi.smarthome:id/cm0' and @class='android.widget.HorizontalScrollView']//android.widget.FrameLayout[@class='android.widget.FrameLayout']//android.widget.LinearLayout[@resource-id='com.xiaomi.smarthome:id/d8_' and @class='android.widget.LinearLayout']//android.widget.TextView[@text='客厅' and @class='android.widget.TextView']" classname="com.xiaomi.smarthome.米家" time="0.0">
</testcase>
  <testcase 
  name="clickedIndex=177 action=CLICKED
xpath=//android.widget.FrameLayout[@class='android.widget.FrameLayout']//android.widget.LinearLayout[@class='android.widget.LinearLayout']//android.widget.FrameLayout[@class='android.widget.FrameLayout']//android.widget.LinearLayout[@resource-id='com.xiaomi.smarthome:id/e_' and @class='android.widget.LinearLayout']//android.widget.FrameLayout[@resource-id='android:id/content' and @class='android.widget.FrameLayout']//android.widget.FrameLayout[@resource-id='com.xiaomi.smarthome:id/ac6' and @class='android.widget.FrameLayout']//android.widget.RelativeLayout[@resource-id='com.xiaomi.smarthome:id/b_j' and @class='android.widget.RelativeLayout']//android.widget.FrameLayout[@resource-id='com.xiaomi.smarthome:id/bjz' and @class='android.widget.FrameLayout']//android.widget.RelativeLayout[@resource-id='com.xiaomi.smarthome:id/cic' and @class='android.widget.RelativeLayout']//android.view.ViewGroup[@resource-id='com.xiaomi.smarthome:id/coordinator_layout_vs' and @class='android.view.ViewGroup']//android.view.ViewGroup[@resource-id='com.xiaomi.smarthome:id/d9n' and @class='android.view.ViewGroup']//android.view.ViewGroup[@class='android.view.ViewGroup']//android.view.ViewGroup[@resource-id='com.xiaomi.smarthome:id/aci' and @class='android.view.ViewGroup']//android.widget.FrameLayout[@resource-id='com.xiaomi.smarthome:id/c06' and @class='android.widget.FrameLayout']//android.widget.FrameLayout[@class='android.widget.FrameLayout']//android.widget.HorizontalScrollView[@resource-id='com.xiaomi.smarthome:id/cm0' and @class='android.widget.HorizontalScrollView']//android.widget.FrameLayout[@class='android.widget.FrameLayout']//android.widget.LinearLayout[@resource-id='com.xiaomi.smarthome:id/d8_' and @class='android.widget.LinearLayout']//android.widget.TextView[@text='Bedroom' and @class='android.widget.TextView']" classname="com.xiaomi.smarthome.米家" time="0.0">
</testcase>
  <testcase 
  name="clickedIndex=178 action=CLICKED
xpath=//android.widget.FrameLayout[@class='android.widget.FrameLayout']//android.widget.LinearLayout[@class='android.widget.LinearLayout']//android.widget.FrameLayout[@class='android.widget.FrameLayout']//android.widget.LinearLayout[@resource-id='com.xiaomi.smarthome:id/e_' and @class='android.widget.LinearLayout']//android.widget.FrameLayout[@resource-id='android:id/content' and @class='android.widget.FrameLayout']//android.widget.FrameLayout[@resource-id='com.xiaomi.smarthome:id/ac6' and @class='android.widget.FrameLayout']//android.widget.RelativeLayout[@resource-id='com.xiaomi.smarthome:id/b_j' and @class='android.widget.RelativeLayout']//android.widget.FrameLayout[@resource-id='com.xiaomi.smarthome:id/bjz' and @class='android.widget.FrameLayout']//android.widget.RelativeLayout[@resource-id='com.xiaomi.smarthome:id/cic' and @class='android.widget.RelativeLayout']//android.view.ViewGroup[@resource-id='com.xiaomi.smarthome:id/coordinator_layout_vs' and @class='android.view.ViewGroup']//android.view.ViewGroup[@resource-id='com.xiaomi.smarthome:id/d9n' and @class='android.view.ViewGroup']//android.view.ViewGroup[@class='android.view.ViewGroup']//android.view.ViewGroup[@resource-id='com.xiaomi.smarthome:id/aci' and @class='android.view.ViewGroup']//android.widget.FrameLayout[@resource-id='com.xiaomi.smarthome:id/c06' and @class='android.widget.FrameLayout']//android.widget.FrameLayout[@class='android.widget.FrameLayout']//android.widget.HorizontalScrollView[@resource-id='com.xiaomi.smarthome:id/cm0' and @class='android.widget.HorizontalScrollView']//android.widget.FrameLayout[@class='android.widget.FrameLayout']//android.widget.LinearLayout[@resource-id='com.xiaomi.smarthome:id/d8_' and @class='android.widget.LinearLayout']//android.widget.TextView[@class='android.widget.TextView']" classname="com.xiaomi.smarthome.米家" time="0.0">
</testcase>
  <testcase 
  name="clickedIndex=179 action=CLICKED
xpath=//android.widget.FrameLayout[@class='android.widget.FrameLayout']//android.widget.LinearLayout[@class='android.widget.LinearLayout']//android.widget.FrameLayout[@class='android.widget.FrameLayout']//android.widget.LinearLayout[@resource-id='com.xiaomi.smarthome:id/e_' and @class='android.widget.LinearLayout']//android.widget.FrameLayout[@resource-id='android:id/content' and @class='android.widget.FrameLayout']//android.widget.FrameLayout[@resource-id='com.xiaomi.smarthome:id/ac6' and @class='android.widget.FrameLayout']//android.widget.RelativeLayout[@resource-id='com.xiaomi.smarthome:id/b_j' and @class='android.widget.RelativeLayout']//android.widget.FrameLayout[@resource-id='com.xiaomi.smarthome:id/bjz' and @class='android.widget.FrameLayout']//android.widget.RelativeLayout[@resource-id='com.xiaomi.smarthome:id/cic' and @class='android.widget.RelativeLayout']//android.view.ViewGroup[@resource-id='com.xiaomi.smarthome:id/coordinator_layout_vs' and @class='android.view.ViewGroup']//android.widget.LinearLayout[@resource-id='com.xiaomi.smarthome:id/bk0' and @class='android.widget.LinearLayout']//android.widget.FrameLayout[@resource-id='com.xiaomi.smarthome:id/bk4' and @class='android.widget.FrameLayout']//android.widget.RelativeLayout[@class='android.widget.RelativeLayout']//android.widget.FrameLayout[@resource-id='com.xiaomi.smarthome:id/a5g' and @class='android.widget.FrameLayout']//android.widget.RelativeLayout[@class='android.widget.RelativeLayout']//android.widget.LinearLayout[@resource-id='com.xiaomi.smarthome:id/l9' and @class='android.widget.LinearLayout']//android.view.ViewGroup[@resource-id='com.xiaomi.smarthome:id/ael' and @class='android.view.ViewGroup']//android.widget.TextView[@resource-id='com.xiaomi.smarthome:id/aen' and @text='暂无家庭环境信息' and @class='android.widget.TextView']" classname="com.xiaomi.smarthome.米家" time="0.0">
</testcase>
  <testcase 
  name="clickedIndex=183 action=CLICKED
xpath=//android.widget.FrameLayout[@class='android.widget.FrameLayout']//android.widget.LinearLayout[@class='android.widget.LinearLayout']//android.widget.FrameLayout[@class='android.widget.FrameLayout']//android.widget.LinearLayout[@resource-id='com.xiaomi.smarthome:id/e_' and @class='android.widget.LinearLayout']//android.widget.FrameLayout[@resource-id='android:id/content' and @class='android.widget.FrameLayout']//android.widget.FrameLayout[@resource-id='com.xiaomi.smarthome:id/ac6' and @class='android.widget.FrameLayout']//android.widget.RelativeLayout[@resource-id='com.xiaomi.smarthome:id/b_j' and @class='android.widget.RelativeLayout']//android.widget.FrameLayout[@resource-id='com.xiaomi.smarthome:id/bjz' and @class='android.widget.FrameLayout']//android.widget.RelativeLayout[@resource-id='com.xiaomi.smarthome:id/cic' and @class='android.widget.RelativeLayout']//android.view.ViewGroup[@resource-id='com.xiaomi.smarthome:id/coordinator_layout_vs' and @class='android.view.ViewGroup']//android.widget.LinearLayout[@resource-id='com.xiaomi.smarthome:id/bk0' and @class='android.widget.LinearLayout']//android.widget.FrameLayout[@resource-id='com.xiaomi.smarthome:id/bk4' and @class='android.widget.FrameLayout']//android.widget.RelativeLayout[@class='android.widget.RelativeLayout']//android.widget.FrameLayout[@resource-id='com.xiaomi.smarthome:id/a5g' and @class='android.widget.FrameLayout']//android.widget.RelativeLayout[@class='android.widget.RelativeLayout']//android.widget.LinearLayout[@resource-id='com.xiaomi.smarthome:id/l9' and @class='android.widget.LinearLayout']" classname="com.xiaomi.smarthome.米家" time="0.0">
</testcase>
  <testcase 
  name="clickedIndex=186 action=CLICKED
xpath=//android.widget.FrameLayout[@class='android.widget.FrameLayout']//android.widget.LinearLayout[@class='android.widget.LinearLayout']//android.widget.FrameLayout[@class='android.widget.FrameLayout']//android.widget.LinearLayout[@resource-id='com.xiaomi.smarthome:id/e_' and @class='android.widget.LinearLayout']//android.widget.FrameLayout[@resource-id='android:id/content' and @class='android.widget.FrameLayout']//android.widget.FrameLayout[@resource-id='com.xiaomi.smarthome:id/ac6' and @class='android.widget.FrameLayout']//android.widget.RelativeLayout[@resource-id='com.xiaomi.smarthome:id/b_j' and @class='android.widget.RelativeLayout']//android.widget.FrameLayout[@resource-id='com.xiaomi.smarthome:id/bjz' and @class='android.widget.FrameLayout']//android.widget.RelativeLayout[@resource-id='com.xiaomi.smarthome:id/cic' and @class='android.widget.RelativeLayout']//android.view.ViewGroup[@resource-id='com.xiaomi.smarthome:id/coordinator_layout_vs' and @class='android.view.ViewGroup']//android.widget.LinearLayout[@resource-id='com.xiaomi.smarthome:id/bk0' and @class='android.widget.LinearLayout']//android.widget.FrameLayout[@resource-id='com.xiaomi.smarthome:id/bk4' and @class='android.widget.FrameLayout']//android.view.ViewGroup[@resource-id='com.xiaomi.smarthome:id/d7m' and @class='android.view.ViewGroup']//android.view.View[@content-desc='6670820605' and @resource-id='com.xiaomi.smarthome:id/asn' and @class='android.view.View']" classname="com.xiaomi.smarthome.米家" time="0.0">
</testcase>
  <testcase 
  name="clickedIndex=187 action=CLICKED
xpath=//android.widget.FrameLayout[@class='android.widget.FrameLayout']//android.widget.LinearLayout[@class='android.widget.LinearLayout']//android.widget.FrameLayout[@class='android.widget.FrameLayout']//android.widget.LinearLayout[@resource-id='com.xiaomi.smarthome:id/e_' and @class='android.widget.LinearLayout']//android.widget.FrameLayout[@resource-id='android:id/content' and @class='android.widget.FrameLayout']//android.widget.FrameLayout[@resource-id='com.xiaomi.smarthome:id/ac6' and @class='android.widget.FrameLayout']//android.widget.RelativeLayout[@resource-id='com.xiaomi.smarthome:id/b_j' and @class='android.widget.RelativeLayout']//android.widget.FrameLayout[@resource-id='com.xiaomi.smarthome:id/bjz' and @class='android.widget.FrameLayout']//android.widget.RelativeLayout[@resource-id='com.xiaomi.smarthome:id/cic' and @class='android.widget.RelativeLayout']//android.view.ViewGroup[@resource-id='com.xiaomi.smarthome:id/coordinator_layout_vs' and @class='android.view.ViewGroup']//android.widget.LinearLayout[@resource-id='com.xiaomi.smarthome:id/bk0' and @class='android.widget.LinearLayout']//android.widget.FrameLayout[@resource-id='com.xiaomi.smarthome:id/bk4' and @class='android.widget.FrameLayout']//android.view.ViewGroup[@resource-id='com.xiaomi.smarthome:id/d7m' and @class='android.view.ViewGroup']//android.widget.ImageView[@content-desc='消息中心' and @resource-id='com.xiaomi.smarthome:id/bmj' and @class='android.widget.ImageView']" classname="com.xiaomi.smarthome.米家" time="0.0">
</testcase>
  <testcase 
  name="clickedIndex=214 action=CLICKED
xpath=//android.widget.FrameLayout[@class='android.widget.FrameLayout']//android.widget.LinearLayout[@class='android.widget.LinearLayout']//android.widget.FrameLayout[@class='android.widget.FrameLayout']//android.widget.LinearLayout[@resource-id='com.xiaomi.smarthome:id/e_' and @class='android.widget.LinearLayout']//android.widget.FrameLayout[@resource-id='android:id/content' and @class='android.widget.FrameLayout']//android.widget.FrameLayout[@resource-id='com.xiaomi.smarthome:id/ac6' and @class='android.widget.FrameLayout']//android.widget.RelativeLayout[@resource-id='com.xiaomi.smarthome:id/b_j' and @class='android.widget.RelativeLayout']//android.widget.FrameLayout[@resource-id='com.xiaomi.smarthome:id/bjz' and @class='android.widget.FrameLayout']//android.widget.RelativeLayout[@resource-id='com.xiaomi.smarthome:id/cic' and @class='android.widget.RelativeLayout']//android.view.ViewGroup[@resource-id='com.xiaomi.smarthome:id/coordinator_layout_vs' and @class='android.view.ViewGroup']//android.widget.LinearLayout[@resource-id='com.xiaomi.smarthome:id/bk0' and @class='android.widget.LinearLayout']//android.widget.FrameLayout[@resource-id='com.xiaomi.smarthome:id/bk4' and @class='android.widget.FrameLayout']//android.view.ViewGroup[@resource-id='com.xiaomi.smarthome:id/d7m' and @class='android.view.ViewGroup']//android.widget.ImageView[@content-desc='添加设备' and @resource-id='com.xiaomi.smarthome:id/fo' and @class='android.widget.ImageView']" classname="com.xiaomi.smarthome.米家" time="0.0">
</testcase>
  <testcase 
  name="clickedIndex=422 action=CLICKED
xpath=//android.widget.FrameLayout[@class='android.widget.FrameLayout']//android.widget.LinearLayout[@class='android.widget.LinearLayout']//android.widget.FrameLayout[@class='android.widget.FrameLayout']//android.widget.LinearLayout[@resource-id='com.xiaomi.smarthome:id/e_' and @class='android.widget.LinearLayout']//android.widget.FrameLayout[@resource-id='android:id/content' and @class='android.widget.FrameLayout']//android.widget.FrameLayout[@resource-id='com.xiaomi.smarthome:id/ac6' and @class='android.widget.FrameLayout']//android.widget.RelativeLayout[@resource-id='com.xiaomi.smarthome:id/b_j' and @class='android.widget.RelativeLayout']//android.widget.FrameLayout[@resource-id='com.xiaomi.smarthome:id/bjz' and @class='android.widget.FrameLayout']//android.widget.RelativeLayout[@resource-id='com.xiaomi.smarthome:id/cic' and @class='android.widget.RelativeLayout']//android.view.ViewGroup[@resource-id='com.xiaomi.smarthome:id/coordinator_layout_vs' and @class='android.view.ViewGroup']//android.view.ViewGroup[@resource-id='com.xiaomi.smarthome:id/d9n' and @class='android.view.ViewGroup']//android.view.ViewGroup[@class='android.view.ViewGroup']//android.widget.ImageView[@content-desc='我的导航，点击展开' and @resource-id='com.xiaomi.smarthome:id/jb' and @class='android.widget.ImageView']" classname="com.xiaomi.smarthome.米家" time="0.0">
</testcase>
  <testcase 
  name="clickedIndex=478 action=CLICKED
xpath=//android.widget.FrameLayout[@class='android.widget.FrameLayout']//android.widget.LinearLayout[@class='android.widget.LinearLayout']//android.widget.FrameLayout[@class='android.widget.FrameLayout']//android.widget.LinearLayout[@resource-id='com.xiaomi.smarthome:id/e_' and @class='android.widget.LinearLayout']//android.widget.FrameLayout[@resource-id='android:id/content' and @class='android.widget.FrameLayout']//android.widget.FrameLayout[@resource-id='com.xiaomi.smarthome:id/ac6' and @class='android.widget.FrameLayout']//android.widget.RelativeLayout[@resource-id='com.xiaomi.smarthome:id/b_j' and @class='android.widget.RelativeLayout']//android.widget.LinearLayout[@resource-id='com.xiaomi.smarthome:id/ay2' and @class='android.widget.LinearLayout']//android.widget.FrameLayout[@class='android.widget.FrameLayout']//android.widget.RelativeLayout[@class='android.widget.RelativeLayout']//android.widget.TextView[@resource-id='com.xiaomi.smarthome:id/d2v' and @text='场景' and @class='android.widget.TextView']" classname="com.xiaomi.smarthome.米家" time="0.0">
</testcase>
  <system-out><![CDATA[]]></system-out>
  <system-err><![CDATA[]]></system-err>
</testsuite>
