<?xml version="1.0" encoding="UTF-8" ?>
<testsuite 
errors="0" failures="0" hostname="ubuntu" name="com.xiaomi.smarthome.看家时间段" tests="12" time="0.0" timestamp="2023-07-25T20:16:40">
  <properties>
[...]
</properties>
  <testcase 
  name="clickedIndex=24 action=CLICKED
xpath=//android.widget.FrameLayout[@class='android.widget.FrameLayout']//android.widget.LinearLayout[@class='android.widget.LinearLayout']//android.widget.FrameLayout[@class='android.widget.FrameLayout']//android.widget.LinearLayout[@resource-id='com.xiaomi.smarthome:id/e_' and @class='android.widget.LinearLayout']//android.widget.FrameLayout[@resource-id='android:id/content' and @class='android.widget.FrameLayout']//android.widget.LinearLayout[@class='android.widget.LinearLayout']//android.widget.ScrollView[@class='android.widget.ScrollView']//android.widget.LinearLayout[@class='android.widget.LinearLayout']//android.widget.LinearLayout[@class='android.widget.LinearLayout']//android.widget.FrameLayout[@resource-id='com.xiaomi.smarthome:id/cro' and @class='android.widget.FrameLayout']//android.widget.LinearLayout[@class='android.widget.LinearLayout']//android.widget.LinearLayout[@resource-id='com.xiaomi.smarthome:id/d8_' and @class='android.widget.LinearLayout']//android.widget.TextView[@resource-id='com.xiaomi.smarthome:id/csd' and @text='看家时间段' and @class='android.widget.TextView']" classname="com.xiaomi.smarthome.看家时间段" time="0.0">
</testcase>
  <testcase 
  name="clickedIndex=48 action=CLICKED
xpath=//android.widget.FrameLayout[@class='android.widget.FrameLayout']//android.widget.LinearLayout[@class='android.widget.LinearLayout']//android.widget.FrameLayout[@class='android.widget.FrameLayout']//android.widget.LinearLayout[@resource-id='com.xiaomi.smarthome:id/e_' and @class='android.widget.LinearLayout']//android.widget.FrameLayout[@resource-id='android:id/content' and @class='android.widget.FrameLayout']//android.widget.LinearLayout[@class='android.widget.LinearLayout']//android.widget.ScrollView[@class='android.widget.ScrollView']//android.widget.LinearLayout[@class='android.widget.LinearLayout']//android.widget.LinearLayout[@resource-id='com.xiaomi.smarthome:id/h5' and @class='android.widget.LinearLayout']//android.widget.FrameLayout[@resource-id='com.xiaomi.smarthome:id/crj' and @class='android.widget.FrameLayout']//android.widget.LinearLayout[@class='android.widget.LinearLayout']//android.widget.LinearLayout[@resource-id='com.xiaomi.smarthome:id/d8_' and @class='android.widget.LinearLayout']//android.widget.TextView[@resource-id='com.xiaomi.smarthome:id/csd' and @text='分区灵敏度设置' and @class='android.widget.TextView']" classname="com.xiaomi.smarthome.看家时间段" time="0.0">
</testcase>
  <testcase 
  name="clickedIndex=56 action=CLICKED
xpath=//android.widget.FrameLayout[@class='android.widget.FrameLayout']//android.widget.LinearLayout[@class='android.widget.LinearLayout']//android.widget.FrameLayout[@class='android.widget.FrameLayout']//android.widget.LinearLayout[@resource-id='com.xiaomi.smarthome:id/e_' and @class='android.widget.LinearLayout']//android.widget.FrameLayout[@resource-id='android:id/content' and @class='android.widget.FrameLayout']//android.widget.LinearLayout[@class='android.widget.LinearLayout']//android.widget.ScrollView[@class='android.widget.ScrollView']//android.widget.LinearLayout[@class='android.widget.LinearLayout']//android.widget.LinearLayout[@resource-id='com.xiaomi.smarthome:id/h5' and @class='android.widget.LinearLayout']//android.widget.FrameLayout[@resource-id='com.xiaomi.smarthome:id/crn' and @class='android.widget.FrameLayout']//android.widget.LinearLayout[@class='android.widget.LinearLayout']//android.widget.LinearLayout[@resource-id='com.xiaomi.smarthome:id/d8_' and @class='android.widget.LinearLayout']//android.widget.TextView[@resource-id='com.xiaomi.smarthome:id/csd' and @text='报警时间间隔' and @class='android.widget.TextView']" classname="com.xiaomi.smarthome.看家时间段" time="0.0">
</testcase>
  <testcase 
  name="clickedIndex=58 action=CLICKED
xpath=//android.widget.FrameLayout[@class='android.widget.FrameLayout']//android.widget.LinearLayout[@class='android.widget.LinearLayout']//android.widget.FrameLayout[@class='android.widget.FrameLayout']//android.widget.LinearLayout[@resource-id='com.xiaomi.smarthome:id/e_' and @class='android.widget.LinearLayout']//android.widget.FrameLayout[@resource-id='android:id/content' and @class='android.widget.FrameLayout']//android.widget.LinearLayout[@class='android.widget.LinearLayout']//android.widget.ScrollView[@class='android.widget.ScrollView']//android.widget.LinearLayout[@class='android.widget.LinearLayout']//android.widget.LinearLayout[@resource-id='com.xiaomi.smarthome:id/h5' and @class='android.widget.LinearLayout']//android.widget.FrameLayout[@resource-id='com.xiaomi.smarthome:id/crn' and @class='android.widget.FrameLayout']//android.widget.LinearLayout[@class='android.widget.LinearLayout']//android.widget.LinearLayout[@resource-id='com.xiaomi.smarthome:id/d8_' and @class='android.widget.LinearLayout']//android.widget.TextView[@resource-id='com.xiaomi.smarthome:id/csb' and @class='android.widget.TextView']" classname="com.xiaomi.smarthome.看家时间段" time="0.0">
</testcase>
  <testcase 
  name="clickedIndex=65 action=CLICKED
xpath=//android.widget.FrameLayout[@class='android.widget.FrameLayout']//android.widget.LinearLayout[@class='android.widget.LinearLayout']//android.widget.FrameLayout[@class='android.widget.FrameLayout']//android.widget.LinearLayout[@resource-id='com.xiaomi.smarthome:id/e_' and @class='android.widget.LinearLayout']//android.widget.FrameLayout[@resource-id='android:id/content' and @class='android.widget.FrameLayout']//android.widget.LinearLayout[@class='android.widget.LinearLayout']//android.widget.ScrollView[@class='android.widget.ScrollView']//android.widget.LinearLayout[@class='android.widget.LinearLayout']//android.widget.LinearLayout[@resource-id='com.xiaomi.smarthome:id/h5' and @class='android.widget.LinearLayout']//android.widget.FrameLayout[@resource-id='com.xiaomi.smarthome:id/crh' and @class='android.widget.FrameLayout']//android.widget.LinearLayout[@class='android.widget.LinearLayout']//android.widget.LinearLayout[@resource-id='com.xiaomi.smarthome:id/d8_' and @class='android.widget.LinearLayout']//android.widget.TextView[@resource-id='com.xiaomi.smarthome:id/csd' and @text='推送事件' and @class='android.widget.TextView']" classname="com.xiaomi.smarthome.看家时间段" time="0.0">
</testcase>
  <testcase 
  name="clickedIndex=68 action=CLICKED
xpath=//android.widget.FrameLayout[@class='android.widget.FrameLayout']//android.widget.LinearLayout[@class='android.widget.LinearLayout']//android.widget.FrameLayout[@class='android.widget.FrameLayout']//android.widget.LinearLayout[@resource-id='com.xiaomi.smarthome:id/e_' and @class='android.widget.LinearLayout']//android.widget.FrameLayout[@resource-id='android:id/content' and @class='android.widget.FrameLayout']//android.widget.LinearLayout[@class='android.widget.LinearLayout']//android.widget.ScrollView[@class='android.widget.ScrollView']//android.widget.LinearLayout[@class='android.widget.LinearLayout']//android.widget.LinearLayout[@resource-id='com.xiaomi.smarthome:id/h5' and @class='android.widget.LinearLayout']//android.widget.FrameLayout[@resource-id='com.xiaomi.smarthome:id/crh' and @class='android.widget.FrameLayout']//android.widget.LinearLayout[@class='android.widget.LinearLayout']//android.widget.LinearLayout[@resource-id='com.xiaomi.smarthome:id/d8_' and @class='android.widget.LinearLayout']//android.widget.TextView[@resource-id='com.xiaomi.smarthome:id/csb' and @text='选择推送的事件' and @class='android.widget.TextView']" classname="com.xiaomi.smarthome.看家时间段" time="0.0">
</testcase>
  <testcase 
  name="clickedIndex=70 action=CLICKED
xpath=//android.widget.FrameLayout[@class='android.widget.FrameLayout']//android.widget.LinearLayout[@class='android.widget.LinearLayout']//android.widget.FrameLayout[@class='android.widget.FrameLayout']//android.widget.LinearLayout[@resource-id='com.xiaomi.smarthome:id/e_' and @class='android.widget.LinearLayout']//android.widget.FrameLayout[@resource-id='android:id/content' and @class='android.widget.FrameLayout']//android.widget.LinearLayout[@class='android.widget.LinearLayout']//android.widget.ScrollView[@class='android.widget.ScrollView']//android.widget.LinearLayout[@class='android.widget.LinearLayout']//android.widget.LinearLayout[@class='android.widget.LinearLayout']//android.widget.FrameLayout[@resource-id='com.xiaomi.smarthome:id/crg' and @class='android.widget.FrameLayout']//android.widget.LinearLayout[@class='android.widget.LinearLayout']//android.widget.CheckBox[@resource-id='com.xiaomi.smarthome:id/csc' and @class='android.widget.CheckBox']" classname="com.xiaomi.smarthome.看家时间段" time="0.0">
</testcase>
  <testcase 
  name="clickedIndex=72 action=CLICKED
xpath=//android.widget.FrameLayout[@class='android.widget.FrameLayout']//android.widget.LinearLayout[@class='android.widget.LinearLayout']//android.widget.FrameLayout[@class='android.widget.FrameLayout']//android.widget.LinearLayout[@resource-id='com.xiaomi.smarthome:id/e_' and @class='android.widget.LinearLayout']//android.widget.FrameLayout[@resource-id='android:id/content' and @class='android.widget.FrameLayout']//android.widget.LinearLayout[@class='android.widget.LinearLayout']//android.widget.ScrollView[@class='android.widget.ScrollView']//android.widget.LinearLayout[@class='android.widget.LinearLayout']//android.widget.LinearLayout[@class='android.widget.LinearLayout']//android.widget.FrameLayout[@resource-id='com.xiaomi.smarthome:id/cro' and @class='android.widget.FrameLayout']//android.widget.LinearLayout[@class='android.widget.LinearLayout']//android.widget.TextView[@resource-id='com.xiaomi.smarthome:id/cs5' and @text='晚上' and @class='android.widget.TextView']" classname="com.xiaomi.smarthome.看家时间段" time="0.0">
</testcase>
  <testcase 
  name="clickedIndex=74 action=CLICKED
xpath=//android.widget.FrameLayout[@class='android.widget.FrameLayout']//android.widget.LinearLayout[@class='android.widget.LinearLayout']//android.widget.FrameLayout[@class='android.widget.FrameLayout']//android.widget.LinearLayout[@resource-id='com.xiaomi.smarthome:id/e_' and @class='android.widget.LinearLayout']//android.widget.FrameLayout[@resource-id='android:id/content' and @class='android.widget.FrameLayout']//android.widget.LinearLayout[@class='android.widget.LinearLayout']//android.widget.ScrollView[@class='android.widget.ScrollView']//android.widget.LinearLayout[@class='android.widget.LinearLayout']//android.widget.LinearLayout[@resource-id='com.xiaomi.smarthome:id/h5' and @class='android.widget.LinearLayout']//android.widget.FrameLayout[@resource-id='com.xiaomi.smarthome:id/crj' and @class='android.widget.FrameLayout']//android.widget.LinearLayout[@class='android.widget.LinearLayout']//android.widget.TextView[@resource-id='com.xiaomi.smarthome:id/cs5' and @text='低灵敏度' and @class='android.widget.TextView']" classname="com.xiaomi.smarthome.看家时间段" time="0.0">
</testcase>
  <testcase 
  name="clickedIndex=76 action=CLICKED
xpath=//android.widget.FrameLayout[@class='android.widget.FrameLayout']//android.widget.LinearLayout[@class='android.widget.LinearLayout']//android.widget.FrameLayout[@class='android.widget.FrameLayout']//android.widget.LinearLayout[@resource-id='com.xiaomi.smarthome:id/e_' and @class='android.widget.LinearLayout']//android.widget.FrameLayout[@resource-id='android:id/content' and @class='android.widget.FrameLayout']//android.widget.LinearLayout[@class='android.widget.LinearLayout']//android.widget.ScrollView[@class='android.widget.ScrollView']//android.widget.LinearLayout[@class='android.widget.LinearLayout']//android.widget.LinearLayout[@resource-id='com.xiaomi.smarthome:id/h5' and @class='android.widget.LinearLayout']//android.widget.FrameLayout[@resource-id='com.xiaomi.smarthome:id/crn' and @class='android.widget.FrameLayout']//android.widget.LinearLayout[@class='android.widget.LinearLayout']//android.widget.TextView[@resource-id='com.xiaomi.smarthome:id/cs5' and @text='3分钟' and @class='android.widget.TextView']" classname="com.xiaomi.smarthome.看家时间段" time="0.0">
</testcase>
  <testcase 
  name="clickedIndex=78 action=CLICKED
xpath=//android.widget.FrameLayout[@class='android.widget.FrameLayout']//android.widget.LinearLayout[@class='android.widget.LinearLayout']//android.widget.FrameLayout[@class='android.widget.FrameLayout']//android.widget.LinearLayout[@resource-id='com.xiaomi.smarthome:id/e_' and @class='android.widget.LinearLayout']//android.widget.FrameLayout[@resource-id='android:id/content' and @class='android.widget.FrameLayout']//android.widget.LinearLayout[@class='android.widget.LinearLayout']//android.widget.ScrollView[@class='android.widget.ScrollView']//android.widget.LinearLayout[@class='android.widget.LinearLayout']//android.widget.LinearLayout[@class='android.widget.LinearLayout']//android.widget.FrameLayout[@resource-id='com.xiaomi.smarthome:id/cro' and @class='android.widget.FrameLayout']//android.widget.LinearLayout[@class='android.widget.LinearLayout']" classname="com.xiaomi.smarthome.看家时间段" time="0.0">
</testcase>
  <testcase 
  name="clickedIndex=80 action=CLICKED
xpath=//android.widget.FrameLayout[@class='android.widget.FrameLayout']" classname="com.xiaomi.smarthome.看家时间段" time="0.0">
</testcase>
  <system-out><![CDATA[]]></system-out>
  <system-err><![CDATA[]]></system-err>
</testsuite>
