<?xml version="1.0" encoding="UTF-8" ?>
<testsuite 
errors="0" failures="0" hostname="ubuntu" name="com.xiaomi.smarthome.AlarmVideoActivity" tests="30" time="0.0" timestamp="2023-07-25T20:16:40">
  <properties>
[...]
</properties>
  <testcase 
  name="clickedIndex=3 action=CLICKED
xpath=//android.widget.FrameLayout[@class='android.widget.FrameLayout']//android.widget.LinearLayout[@class='android.widget.LinearLayout']//android.widget.FrameLayout[@class='android.widget.FrameLayout']//android.widget.LinearLayout[@resource-id='com.xiaomi.smarthome:id/e_' and @class='android.widget.LinearLayout']//android.widget.FrameLayout[@resource-id='android:id/content' and @class='android.widget.FrameLayout']//android.widget.LinearLayout[@class='android.widget.LinearLayout']//android.widget.LinearLayout[@class='android.widget.LinearLayout']//android.widget.RelativeLayout[@resource-id='com.xiaomi.smarthome:id/bd8' and @class='android.widget.RelativeLayout']//android.widget.LinearLayout[@class='android.widget.LinearLayout']//android.widget.TextView[@resource-id='com.xiaomi.smarthome:id/ded' and @text='全部事件' and @class='android.widget.TextView']" classname="com.xiaomi.smarthome.AlarmVideoActivity" time="0.0">
</testcase>
  <testcase 
  name="clickedIndex=4 action=CLICKED
xpath=//android.widget.FrameLayout[@class='android.widget.FrameLayout']//android.widget.LinearLayout[@class='android.widget.LinearLayout']//android.widget.FrameLayout[@class='android.widget.FrameLayout']//android.widget.LinearLayout[@resource-id='com.xiaomi.smarthome:id/e_' and @class='android.widget.LinearLayout']//android.widget.FrameLayout[@resource-id='android:id/content' and @class='android.widget.FrameLayout']//android.widget.LinearLayout[@class='android.widget.LinearLayout']//android.widget.RelativeLayout[@class='android.widget.RelativeLayout']//android.widget.RelativeLayout[@class='android.widget.RelativeLayout']//androidx.recyclerview.widget.RecyclerView[@resource-id='com.xiaomi.smarthome:id/afs' and @class='androidx.recyclerview.widget.RecyclerView']//android.widget.LinearLayout[@class='android.widget.LinearLayout']//android.widget.TextView[@resource-id='com.xiaomi.smarthome:id/dqz' and @text='全部事件' and @class='android.widget.TextView']" classname="com.xiaomi.smarthome.AlarmVideoActivity" time="0.0">
</testcase>
  <testcase 
  name="clickedIndex=5 action=CLICKED
xpath=//android.widget.FrameLayout[@class='android.widget.FrameLayout']//android.widget.LinearLayout[@class='android.widget.LinearLayout']//android.widget.FrameLayout[@class='android.widget.FrameLayout']//android.widget.LinearLayout[@resource-id='com.xiaomi.smarthome:id/e_' and @class='android.widget.LinearLayout']//android.widget.FrameLayout[@resource-id='android:id/content' and @class='android.widget.FrameLayout']//android.widget.LinearLayout[@class='android.widget.LinearLayout']//android.widget.LinearLayout[@class='android.widget.LinearLayout']//android.widget.RelativeLayout[@class='android.widget.RelativeLayout']//android.widget.LinearLayout[@class='android.widget.LinearLayout']//android.widget.TextView[@resource-id='com.xiaomi.smarthome:id/dge' and @text='07月25日' and @class='android.widget.TextView']" classname="com.xiaomi.smarthome.AlarmVideoActivity" time="0.0">
</testcase>
  <testcase 
  name="clickedIndex=6 action=CLICKED
xpath=//android.widget.FrameLayout[@class='android.widget.FrameLayout']//android.widget.LinearLayout[@class='android.widget.LinearLayout']//android.widget.FrameLayout[@class='android.widget.FrameLayout']//android.widget.LinearLayout[@resource-id='com.xiaomi.smarthome:id/e_' and @class='android.widget.LinearLayout']//android.widget.FrameLayout[@resource-id='android:id/content' and @class='android.widget.FrameLayout']//android.widget.LinearLayout[@class='android.widget.LinearLayout']//android.widget.RelativeLayout[@class='android.widget.RelativeLayout']//android.widget.RelativeLayout[@class='android.widget.RelativeLayout']//android.widget.LinearLayout[@resource-id='com.xiaomi.smarthome:id/t_' and @class='android.widget.LinearLayout']//android.widget.LinearLayout[@resource-id='com.xiaomi.smarthome:id/a5e' and @class='android.widget.LinearLayout']//android.widget.LinearLayout[@class='android.widget.LinearLayout']//android.widget.LinearLayout[@resource-id='com.xiaomi.smarthome:id/bdd' and @class='android.widget.LinearLayout']//androidx.recyclerview.widget.RecyclerView[@resource-id='com.xiaomi.smarthome:id/a5c' and @class='androidx.recyclerview.widget.RecyclerView']//android.widget.RelativeLayout[@content-desc='2023月7日15' and @resource-id='com.xiaomi.smarthome:id/a2q' and @class='android.widget.RelativeLayout']//android.widget.TextView[@resource-id='com.xiaomi.smarthome:id/dgm' and @text='16' and @class='android.widget.TextView']" classname="com.xiaomi.smarthome.AlarmVideoActivity" time="0.0">
</testcase>
  <testcase 
  name="clickedIndex=7 action=CLICKED
xpath=//android.widget.FrameLayout[@class='android.widget.FrameLayout']//android.widget.LinearLayout[@class='android.widget.LinearLayout']//android.widget.FrameLayout[@class='android.widget.FrameLayout']//android.widget.LinearLayout[@resource-id='com.xiaomi.smarthome:id/e_' and @class='android.widget.LinearLayout']//android.widget.FrameLayout[@resource-id='android:id/content' and @class='android.widget.FrameLayout']//android.widget.LinearLayout[@class='android.widget.LinearLayout']//android.widget.RelativeLayout[@class='android.widget.RelativeLayout']//android.widget.RelativeLayout[@class='android.widget.RelativeLayout']//android.widget.LinearLayout[@resource-id='com.xiaomi.smarthome:id/t_' and @class='android.widget.LinearLayout']//android.widget.LinearLayout[@resource-id='com.xiaomi.smarthome:id/a5e' and @class='android.widget.LinearLayout']//android.widget.LinearLayout[@class='android.widget.LinearLayout']//android.widget.LinearLayout[@resource-id='com.xiaomi.smarthome:id/bdd' and @class='android.widget.LinearLayout']//androidx.recyclerview.widget.RecyclerView[@resource-id='com.xiaomi.smarthome:id/a5c' and @class='androidx.recyclerview.widget.RecyclerView']//android.widget.RelativeLayout[@content-desc='2023月7日16' and @resource-id='com.xiaomi.smarthome:id/a2q' and @class='android.widget.RelativeLayout']//android.widget.TextView[@resource-id='com.xiaomi.smarthome:id/dgm' and @text='17' and @class='android.widget.TextView']" classname="com.xiaomi.smarthome.AlarmVideoActivity" time="0.0">
</testcase>
  <testcase 
  name="clickedIndex=8 action=CLICKED
xpath=//android.widget.FrameLayout[@class='android.widget.FrameLayout']//android.widget.LinearLayout[@class='android.widget.LinearLayout']//android.widget.FrameLayout[@class='android.widget.FrameLayout']//android.widget.LinearLayout[@resource-id='com.xiaomi.smarthome:id/e_' and @class='android.widget.LinearLayout']//android.widget.FrameLayout[@resource-id='android:id/content' and @class='android.widget.FrameLayout']//android.widget.LinearLayout[@class='android.widget.LinearLayout']//android.widget.RelativeLayout[@class='android.widget.RelativeLayout']//android.widget.RelativeLayout[@class='android.widget.RelativeLayout']//android.widget.LinearLayout[@resource-id='com.xiaomi.smarthome:id/t_' and @class='android.widget.LinearLayout']//android.widget.LinearLayout[@resource-id='com.xiaomi.smarthome:id/a5e' and @class='android.widget.LinearLayout']//android.widget.LinearLayout[@class='android.widget.LinearLayout']//android.widget.LinearLayout[@resource-id='com.xiaomi.smarthome:id/bdd' and @class='android.widget.LinearLayout']//androidx.recyclerview.widget.RecyclerView[@resource-id='com.xiaomi.smarthome:id/a5c' and @class='androidx.recyclerview.widget.RecyclerView']//android.widget.RelativeLayout[@content-desc='2023月7日17' and @resource-id='com.xiaomi.smarthome:id/a2q' and @class='android.widget.RelativeLayout']//android.widget.TextView[@resource-id='com.xiaomi.smarthome:id/dgm' and @text='18' and @class='android.widget.TextView']" classname="com.xiaomi.smarthome.AlarmVideoActivity" time="0.0">
</testcase>
  <testcase 
  name="clickedIndex=9 action=CLICKED
xpath=//android.widget.FrameLayout[@class='android.widget.FrameLayout']//android.widget.LinearLayout[@class='android.widget.LinearLayout']//android.widget.FrameLayout[@class='android.widget.FrameLayout']//android.widget.LinearLayout[@resource-id='com.xiaomi.smarthome:id/e_' and @class='android.widget.LinearLayout']//android.widget.FrameLayout[@resource-id='android:id/content' and @class='android.widget.FrameLayout']//android.widget.LinearLayout[@class='android.widget.LinearLayout']//android.widget.RelativeLayout[@class='android.widget.RelativeLayout']//android.widget.RelativeLayout[@class='android.widget.RelativeLayout']//android.widget.LinearLayout[@resource-id='com.xiaomi.smarthome:id/t_' and @class='android.widget.LinearLayout']//android.widget.LinearLayout[@resource-id='com.xiaomi.smarthome:id/a5e' and @class='android.widget.LinearLayout']//android.widget.LinearLayout[@class='android.widget.LinearLayout']//android.widget.LinearLayout[@resource-id='com.xiaomi.smarthome:id/bdd' and @class='android.widget.LinearLayout']//androidx.recyclerview.widget.RecyclerView[@resource-id='com.xiaomi.smarthome:id/a5c' and @class='androidx.recyclerview.widget.RecyclerView']//android.widget.RelativeLayout[@content-desc='2023月7日18' and @resource-id='com.xiaomi.smarthome:id/a2q' and @class='android.widget.RelativeLayout']//android.widget.TextView[@resource-id='com.xiaomi.smarthome:id/dgm' and @text='19' and @class='android.widget.TextView']" classname="com.xiaomi.smarthome.AlarmVideoActivity" time="0.0">
</testcase>
  <testcase 
  name="clickedIndex=10 action=CLICKED
xpath=//android.widget.FrameLayout[@class='android.widget.FrameLayout']//android.widget.LinearLayout[@class='android.widget.LinearLayout']//android.widget.FrameLayout[@class='android.widget.FrameLayout']//android.widget.LinearLayout[@resource-id='com.xiaomi.smarthome:id/e_' and @class='android.widget.LinearLayout']//android.widget.FrameLayout[@resource-id='android:id/content' and @class='android.widget.FrameLayout']//android.widget.LinearLayout[@class='android.widget.LinearLayout']//android.widget.RelativeLayout[@class='android.widget.RelativeLayout']//android.widget.RelativeLayout[@class='android.widget.RelativeLayout']//android.widget.LinearLayout[@resource-id='com.xiaomi.smarthome:id/t_' and @class='android.widget.LinearLayout']//android.widget.LinearLayout[@resource-id='com.xiaomi.smarthome:id/a5e' and @class='android.widget.LinearLayout']//android.widget.LinearLayout[@class='android.widget.LinearLayout']//android.widget.LinearLayout[@resource-id='com.xiaomi.smarthome:id/bdd' and @class='android.widget.LinearLayout']//androidx.recyclerview.widget.RecyclerView[@resource-id='com.xiaomi.smarthome:id/a5c' and @class='androidx.recyclerview.widget.RecyclerView']//android.widget.RelativeLayout[@content-desc='2023月7日19' and @resource-id='com.xiaomi.smarthome:id/a2q' and @class='android.widget.RelativeLayout']//android.widget.TextView[@resource-id='com.xiaomi.smarthome:id/dgm' and @text='20' and @class='android.widget.TextView']" classname="com.xiaomi.smarthome.AlarmVideoActivity" time="0.0">
</testcase>
  <testcase 
  name="clickedIndex=11 action=CLICKED
xpath=//android.widget.FrameLayout[@class='android.widget.FrameLayout']//android.widget.LinearLayout[@class='android.widget.LinearLayout']//android.widget.FrameLayout[@class='android.widget.FrameLayout']//android.widget.LinearLayout[@resource-id='com.xiaomi.smarthome:id/e_' and @class='android.widget.LinearLayout']//android.widget.FrameLayout[@resource-id='android:id/content' and @class='android.widget.FrameLayout']//android.widget.LinearLayout[@class='android.widget.LinearLayout']//android.widget.LinearLayout[@class='android.widget.LinearLayout']//android.widget.RelativeLayout[@class='android.widget.RelativeLayout']//android.widget.LinearLayout[@class='android.widget.LinearLayout']//android.widget.TextView[@resource-id='com.xiaomi.smarthome:id/dge' and @text='07月20日' and @class='android.widget.TextView']" classname="com.xiaomi.smarthome.AlarmVideoActivity" time="0.0">
</testcase>
  <testcase 
  name="clickedIndex=12 action=CLICKED
xpath=//android.widget.FrameLayout[@class='android.widget.FrameLayout']//android.widget.LinearLayout[@class='android.widget.LinearLayout']//android.widget.FrameLayout[@class='android.widget.FrameLayout']//android.widget.LinearLayout[@resource-id='com.xiaomi.smarthome:id/e_' and @class='android.widget.LinearLayout']//android.widget.FrameLayout[@resource-id='android:id/content' and @class='android.widget.FrameLayout']//android.widget.LinearLayout[@class='android.widget.LinearLayout']//android.widget.RelativeLayout[@class='android.widget.RelativeLayout']//android.widget.RelativeLayout[@class='android.widget.RelativeLayout']//android.widget.LinearLayout[@resource-id='com.xiaomi.smarthome:id/t_' and @class='android.widget.LinearLayout']//android.widget.LinearLayout[@resource-id='com.xiaomi.smarthome:id/a5e' and @class='android.widget.LinearLayout']//android.widget.LinearLayout[@class='android.widget.LinearLayout']//android.widget.LinearLayout[@resource-id='com.xiaomi.smarthome:id/bdd' and @class='android.widget.LinearLayout']//androidx.recyclerview.widget.RecyclerView[@resource-id='com.xiaomi.smarthome:id/a5c' and @class='androidx.recyclerview.widget.RecyclerView']//android.widget.RelativeLayout[@content-desc='2023月7日20' and @resource-id='com.xiaomi.smarthome:id/a2q' and @class='android.widget.RelativeLayout']//android.widget.TextView[@resource-id='com.xiaomi.smarthome:id/dgm' and @text='21' and @class='android.widget.TextView']" classname="com.xiaomi.smarthome.AlarmVideoActivity" time="0.0">
</testcase>
  <testcase 
  name="clickedIndex=13 action=CLICKED
xpath=//android.widget.FrameLayout[@class='android.widget.FrameLayout']//android.widget.LinearLayout[@class='android.widget.LinearLayout']//android.widget.FrameLayout[@class='android.widget.FrameLayout']//android.widget.LinearLayout[@resource-id='com.xiaomi.smarthome:id/e_' and @class='android.widget.LinearLayout']//android.widget.FrameLayout[@resource-id='android:id/content' and @class='android.widget.FrameLayout']//android.widget.LinearLayout[@class='android.widget.LinearLayout']//android.widget.LinearLayout[@class='android.widget.LinearLayout']//android.widget.RelativeLayout[@class='android.widget.RelativeLayout']//android.widget.LinearLayout[@class='android.widget.LinearLayout']//android.widget.TextView[@resource-id='com.xiaomi.smarthome:id/dge' and @text='07月21日' and @class='android.widget.TextView']" classname="com.xiaomi.smarthome.AlarmVideoActivity" time="0.0">
</testcase>
  <testcase 
  name="clickedIndex=14 action=CLICKED
xpath=//android.widget.FrameLayout[@class='android.widget.FrameLayout']//android.widget.LinearLayout[@class='android.widget.LinearLayout']//android.widget.FrameLayout[@class='android.widget.FrameLayout']//android.widget.LinearLayout[@resource-id='com.xiaomi.smarthome:id/e_' and @class='android.widget.LinearLayout']//android.widget.FrameLayout[@resource-id='android:id/content' and @class='android.widget.FrameLayout']//android.widget.LinearLayout[@class='android.widget.LinearLayout']//android.widget.RelativeLayout[@class='android.widget.RelativeLayout']//android.widget.RelativeLayout[@class='android.widget.RelativeLayout']//android.widget.LinearLayout[@resource-id='com.xiaomi.smarthome:id/t_' and @class='android.widget.LinearLayout']//android.widget.LinearLayout[@resource-id='com.xiaomi.smarthome:id/a5e' and @class='android.widget.LinearLayout']//android.widget.LinearLayout[@class='android.widget.LinearLayout']//android.widget.LinearLayout[@resource-id='com.xiaomi.smarthome:id/bdd' and @class='android.widget.LinearLayout']//androidx.recyclerview.widget.RecyclerView[@resource-id='com.xiaomi.smarthome:id/a5c' and @class='androidx.recyclerview.widget.RecyclerView']//android.widget.RelativeLayout[@content-desc='2023月7日21' and @resource-id='com.xiaomi.smarthome:id/a2q' and @class='android.widget.RelativeLayout']//android.widget.TextView[@resource-id='com.xiaomi.smarthome:id/dgm' and @text='22' and @class='android.widget.TextView']" classname="com.xiaomi.smarthome.AlarmVideoActivity" time="0.0">
</testcase>
  <testcase 
  name="clickedIndex=15 action=CLICKED
xpath=//android.widget.FrameLayout[@class='android.widget.FrameLayout']//android.widget.LinearLayout[@class='android.widget.LinearLayout']//android.widget.FrameLayout[@class='android.widget.FrameLayout']//android.widget.LinearLayout[@resource-id='com.xiaomi.smarthome:id/e_' and @class='android.widget.LinearLayout']//android.widget.FrameLayout[@resource-id='android:id/content' and @class='android.widget.FrameLayout']//android.widget.LinearLayout[@class='android.widget.LinearLayout']//android.widget.LinearLayout[@class='android.widget.LinearLayout']//android.widget.RelativeLayout[@class='android.widget.RelativeLayout']//android.widget.LinearLayout[@class='android.widget.LinearLayout']//android.widget.TextView[@resource-id='com.xiaomi.smarthome:id/dge' and @text='07月22日' and @class='android.widget.TextView']" classname="com.xiaomi.smarthome.AlarmVideoActivity" time="0.0">
</testcase>
  <testcase 
  name="clickedIndex=16 action=CLICKED
xpath=//android.widget.FrameLayout[@class='android.widget.FrameLayout']//android.widget.LinearLayout[@class='android.widget.LinearLayout']//android.widget.FrameLayout[@class='android.widget.FrameLayout']//android.widget.LinearLayout[@resource-id='com.xiaomi.smarthome:id/e_' and @class='android.widget.LinearLayout']//android.widget.FrameLayout[@resource-id='android:id/content' and @class='android.widget.FrameLayout']//android.widget.LinearLayout[@class='android.widget.LinearLayout']//android.widget.RelativeLayout[@class='android.widget.RelativeLayout']//android.widget.RelativeLayout[@class='android.widget.RelativeLayout']//android.widget.LinearLayout[@resource-id='com.xiaomi.smarthome:id/t_' and @class='android.widget.LinearLayout']//android.widget.LinearLayout[@resource-id='com.xiaomi.smarthome:id/a5e' and @class='android.widget.LinearLayout']//android.widget.LinearLayout[@class='android.widget.LinearLayout']//android.widget.LinearLayout[@resource-id='com.xiaomi.smarthome:id/bdd' and @class='android.widget.LinearLayout']//androidx.recyclerview.widget.RecyclerView[@resource-id='com.xiaomi.smarthome:id/a5c' and @class='androidx.recyclerview.widget.RecyclerView']//android.widget.RelativeLayout[@content-desc='2023月7日22' and @resource-id='com.xiaomi.smarthome:id/a2q' and @class='android.widget.RelativeLayout']//android.widget.TextView[@resource-id='com.xiaomi.smarthome:id/dgm' and @text='23' and @class='android.widget.TextView']" classname="com.xiaomi.smarthome.AlarmVideoActivity" time="0.0">
</testcase>
  <testcase 
  name="clickedIndex=17 action=CLICKED
xpath=//android.widget.FrameLayout[@class='android.widget.FrameLayout']//android.widget.LinearLayout[@class='android.widget.LinearLayout']//android.widget.FrameLayout[@class='android.widget.FrameLayout']//android.widget.LinearLayout[@resource-id='com.xiaomi.smarthome:id/e_' and @class='android.widget.LinearLayout']//android.widget.FrameLayout[@resource-id='android:id/content' and @class='android.widget.FrameLayout']//android.widget.LinearLayout[@class='android.widget.LinearLayout']//android.widget.LinearLayout[@class='android.widget.LinearLayout']//android.widget.RelativeLayout[@class='android.widget.RelativeLayout']//android.widget.LinearLayout[@class='android.widget.LinearLayout']//android.widget.TextView[@resource-id='com.xiaomi.smarthome:id/dge' and @text='07月23日' and @class='android.widget.TextView']" classname="com.xiaomi.smarthome.AlarmVideoActivity" time="0.0">
</testcase>
  <testcase 
  name="clickedIndex=18 action=CLICKED
xpath=//android.widget.FrameLayout[@class='android.widget.FrameLayout']//android.widget.LinearLayout[@class='android.widget.LinearLayout']//android.widget.FrameLayout[@class='android.widget.FrameLayout']//android.widget.LinearLayout[@resource-id='com.xiaomi.smarthome:id/e_' and @class='android.widget.LinearLayout']//android.widget.FrameLayout[@resource-id='android:id/content' and @class='android.widget.FrameLayout']//android.widget.LinearLayout[@class='android.widget.LinearLayout']//android.widget.RelativeLayout[@class='android.widget.RelativeLayout']//android.widget.RelativeLayout[@class='android.widget.RelativeLayout']//android.widget.LinearLayout[@resource-id='com.xiaomi.smarthome:id/t_' and @class='android.widget.LinearLayout']//android.widget.LinearLayout[@resource-id='com.xiaomi.smarthome:id/a5e' and @class='android.widget.LinearLayout']//android.widget.LinearLayout[@class='android.widget.LinearLayout']//android.widget.LinearLayout[@resource-id='com.xiaomi.smarthome:id/bdd' and @class='android.widget.LinearLayout']//androidx.recyclerview.widget.RecyclerView[@resource-id='com.xiaomi.smarthome:id/a5c' and @class='androidx.recyclerview.widget.RecyclerView']//android.widget.RelativeLayout[@content-desc='2023月7日23' and @resource-id='com.xiaomi.smarthome:id/a2q' and @class='android.widget.RelativeLayout']//android.widget.TextView[@resource-id='com.xiaomi.smarthome:id/dgm' and @text='24' and @class='android.widget.TextView']" classname="com.xiaomi.smarthome.AlarmVideoActivity" time="0.0">
</testcase>
  <testcase 
  name="clickedIndex=19 action=CLICKED
xpath=//android.widget.FrameLayout[@class='android.widget.FrameLayout']//android.widget.LinearLayout[@class='android.widget.LinearLayout']//android.widget.FrameLayout[@class='android.widget.FrameLayout']//android.widget.LinearLayout[@resource-id='com.xiaomi.smarthome:id/e_' and @class='android.widget.LinearLayout']//android.widget.FrameLayout[@resource-id='android:id/content' and @class='android.widget.FrameLayout']//android.widget.LinearLayout[@class='android.widget.LinearLayout']//android.widget.LinearLayout[@class='android.widget.LinearLayout']//android.widget.RelativeLayout[@class='android.widget.RelativeLayout']//android.widget.LinearLayout[@class='android.widget.LinearLayout']//android.widget.TextView[@resource-id='com.xiaomi.smarthome:id/dge' and @text='07月24日' and @class='android.widget.TextView']" classname="com.xiaomi.smarthome.AlarmVideoActivity" time="0.0">
</testcase>
  <testcase 
  name="clickedIndex=20 action=CLICKED
xpath=//android.widget.FrameLayout[@class='android.widget.FrameLayout']//android.widget.LinearLayout[@class='android.widget.LinearLayout']//android.widget.FrameLayout[@class='android.widget.FrameLayout']//android.widget.LinearLayout[@resource-id='com.xiaomi.smarthome:id/e_' and @class='android.widget.LinearLayout']//android.widget.FrameLayout[@resource-id='android:id/content' and @class='android.widget.FrameLayout']//android.widget.LinearLayout[@class='android.widget.LinearLayout']//android.widget.RelativeLayout[@class='android.widget.RelativeLayout']//android.widget.RelativeLayout[@class='android.widget.RelativeLayout']//android.widget.LinearLayout[@resource-id='com.xiaomi.smarthome:id/t_' and @class='android.widget.LinearLayout']//android.widget.LinearLayout[@resource-id='com.xiaomi.smarthome:id/a5e' and @class='android.widget.LinearLayout']//android.widget.LinearLayout[@class='android.widget.LinearLayout']//android.widget.LinearLayout[@resource-id='com.xiaomi.smarthome:id/bdd' and @class='android.widget.LinearLayout']//androidx.recyclerview.widget.RecyclerView[@resource-id='com.xiaomi.smarthome:id/a5c' and @class='androidx.recyclerview.widget.RecyclerView']//android.widget.RelativeLayout[@content-desc='2023月7日24' and @resource-id='com.xiaomi.smarthome:id/a2q' and @class='android.widget.RelativeLayout']//android.widget.TextView[@resource-id='com.xiaomi.smarthome:id/dgm' and @text='25' and @class='android.widget.TextView']" classname="com.xiaomi.smarthome.AlarmVideoActivity" time="0.0">
</testcase>
  <testcase 
  name="clickedIndex=21 action=CLICKED
xpath=//android.widget.FrameLayout[@class='android.widget.FrameLayout']//android.widget.LinearLayout[@class='android.widget.LinearLayout']//android.widget.FrameLayout[@class='android.widget.FrameLayout']//android.widget.LinearLayout[@resource-id='com.xiaomi.smarthome:id/e_' and @class='android.widget.LinearLayout']//android.widget.FrameLayout[@resource-id='android:id/content' and @class='android.widget.FrameLayout']//android.widget.LinearLayout[@class='android.widget.LinearLayout']//android.widget.LinearLayout[@class='android.widget.LinearLayout']//android.widget.RelativeLayout[@class='android.widget.RelativeLayout']//android.widget.LinearLayout[@class='android.widget.LinearLayout']//android.widget.ImageView[@resource-id='com.xiaomi.smarthome:id/b5u' and @class='android.widget.ImageView']" classname="com.xiaomi.smarthome.AlarmVideoActivity" time="0.0">
</testcase>
  <testcase 
  name="clickedIndex=22 action=CLICKED
xpath=//android.widget.FrameLayout[@class='android.widget.FrameLayout']//android.widget.LinearLayout[@class='android.widget.LinearLayout']//android.widget.FrameLayout[@class='android.widget.FrameLayout']//android.widget.LinearLayout[@resource-id='com.xiaomi.smarthome:id/e_' and @class='android.widget.LinearLayout']//android.widget.FrameLayout[@resource-id='android:id/content' and @class='android.widget.FrameLayout']//android.widget.LinearLayout[@class='android.widget.LinearLayout']//android.widget.RelativeLayout[@class='android.widget.RelativeLayout']//android.widget.RelativeLayout[@class='android.widget.RelativeLayout']//android.widget.LinearLayout[@resource-id='com.xiaomi.smarthome:id/t_' and @class='android.widget.LinearLayout']//android.widget.LinearLayout[@resource-id='com.xiaomi.smarthome:id/a5e' and @class='android.widget.LinearLayout']//android.widget.LinearLayout[@class='android.widget.LinearLayout']//android.widget.LinearLayout[@resource-id='com.xiaomi.smarthome:id/bdd' and @class='android.widget.LinearLayout']//androidx.recyclerview.widget.RecyclerView[@resource-id='com.xiaomi.smarthome:id/a5c' and @class='androidx.recyclerview.widget.RecyclerView']//android.widget.RelativeLayout[@content-desc='2023月7日25' and @resource-id='com.xiaomi.smarthome:id/a2q' and @class='android.widget.RelativeLayout']//android.widget.TextView[@resource-id='com.xiaomi.smarthome:id/dgm' and @text='26' and @class='android.widget.TextView']" classname="com.xiaomi.smarthome.AlarmVideoActivity" time="0.0">
</testcase>
  <testcase 
  name="clickedIndex=23 action=CLICKED
xpath=//android.widget.FrameLayout[@class='android.widget.FrameLayout']//android.widget.LinearLayout[@class='android.widget.LinearLayout']//android.widget.FrameLayout[@class='android.widget.FrameLayout']//android.widget.LinearLayout[@resource-id='com.xiaomi.smarthome:id/e_' and @class='android.widget.LinearLayout']//android.widget.FrameLayout[@resource-id='android:id/content' and @class='android.widget.FrameLayout']//android.widget.LinearLayout[@class='android.widget.LinearLayout']//android.widget.FrameLayout[@resource-id='com.xiaomi.smarthome:id/d7c' and @class='android.widget.FrameLayout']//android.widget.ImageView[@resource-id='com.xiaomi.smarthome:id/d7u' and @class='android.widget.ImageView']" classname="com.xiaomi.smarthome.AlarmVideoActivity" time="0.0">
</testcase>
  <testcase 
  name="clickedIndex=81 action=CLICKED
xpath=//android.widget.FrameLayout[@class='android.widget.FrameLayout']//android.widget.LinearLayout[@class='android.widget.LinearLayout']//android.widget.FrameLayout[@class='android.widget.FrameLayout']//android.widget.LinearLayout[@resource-id='com.xiaomi.smarthome:id/e_' and @class='android.widget.LinearLayout']//android.widget.FrameLayout[@resource-id='android:id/content' and @class='android.widget.FrameLayout']//android.widget.LinearLayout[@class='android.widget.LinearLayout']//android.widget.LinearLayout[@class='android.widget.LinearLayout']//android.widget.RelativeLayout[@resource-id='com.xiaomi.smarthome:id/bd8' and @class='android.widget.RelativeLayout']" classname="com.xiaomi.smarthome.AlarmVideoActivity" time="0.0">
</testcase>
  <testcase 
  name="clickedIndex=82 action=CLICKED
xpath=//android.widget.FrameLayout[@class='android.widget.FrameLayout']//android.widget.LinearLayout[@class='android.widget.LinearLayout']//android.widget.FrameLayout[@class='android.widget.FrameLayout']//android.widget.LinearLayout[@resource-id='com.xiaomi.smarthome:id/e_' and @class='android.widget.LinearLayout']//android.widget.FrameLayout[@resource-id='android:id/content' and @class='android.widget.FrameLayout']//android.widget.LinearLayout[@class='android.widget.LinearLayout']//android.widget.RelativeLayout[@class='android.widget.RelativeLayout']//android.widget.RelativeLayout[@class='android.widget.RelativeLayout']//androidx.recyclerview.widget.RecyclerView[@resource-id='com.xiaomi.smarthome:id/afs' and @class='androidx.recyclerview.widget.RecyclerView']//android.widget.LinearLayout[@class='android.widget.LinearLayout']//android.widget.TextView[@resource-id='com.xiaomi.smarthome:id/dqz' and @text='画面变动' and @class='android.widget.TextView']" classname="com.xiaomi.smarthome.AlarmVideoActivity" time="0.0">
</testcase>
  <testcase 
  name="clickedIndex=83 action=CLICKED
xpath=//android.widget.FrameLayout[@class='android.widget.FrameLayout']//android.widget.LinearLayout[@class='android.widget.LinearLayout']//android.widget.FrameLayout[@class='android.widget.FrameLayout']//android.widget.LinearLayout[@resource-id='com.xiaomi.smarthome:id/e_' and @class='android.widget.LinearLayout']//android.widget.FrameLayout[@resource-id='android:id/content' and @class='android.widget.FrameLayout']//android.widget.LinearLayout[@class='android.widget.LinearLayout']//android.widget.LinearLayout[@class='android.widget.LinearLayout']//android.widget.RelativeLayout[@resource-id='com.xiaomi.smarthome:id/bd8' and @class='android.widget.RelativeLayout']//android.widget.LinearLayout[@class='android.widget.LinearLayout']//android.widget.TextView[@resource-id='com.xiaomi.smarthome:id/ded' and @text='画面变动' and @class='android.widget.TextView']" classname="com.xiaomi.smarthome.AlarmVideoActivity" time="0.0">
</testcase>
  <testcase 
  name="clickedIndex=84 action=CLICKED
xpath=//android.widget.FrameLayout[@class='android.widget.FrameLayout']//android.widget.LinearLayout[@class='android.widget.LinearLayout']//android.widget.FrameLayout[@class='android.widget.FrameLayout']//android.widget.LinearLayout[@resource-id='com.xiaomi.smarthome:id/e_' and @class='android.widget.LinearLayout']//android.widget.FrameLayout[@resource-id='android:id/content' and @class='android.widget.FrameLayout']//android.widget.LinearLayout[@class='android.widget.LinearLayout']//android.widget.RelativeLayout[@class='android.widget.RelativeLayout']//android.widget.RelativeLayout[@class='android.widget.RelativeLayout']//androidx.recyclerview.widget.RecyclerView[@resource-id='com.xiaomi.smarthome:id/afs' and @class='androidx.recyclerview.widget.RecyclerView']//android.widget.LinearLayout[@class='android.widget.LinearLayout']//android.widget.TextView[@resource-id='com.xiaomi.smarthome:id/dqz' and @text='有人移动' and @class='android.widget.TextView']" classname="com.xiaomi.smarthome.AlarmVideoActivity" time="0.0">
</testcase>
  <testcase 
  name="clickedIndex=85 action=CLICKED
xpath=//android.widget.FrameLayout[@class='android.widget.FrameLayout']//android.widget.LinearLayout[@class='android.widget.LinearLayout']//android.widget.FrameLayout[@class='android.widget.FrameLayout']//android.widget.LinearLayout[@resource-id='com.xiaomi.smarthome:id/e_' and @class='android.widget.LinearLayout']//android.widget.FrameLayout[@resource-id='android:id/content' and @class='android.widget.FrameLayout']//android.widget.LinearLayout[@class='android.widget.LinearLayout']//android.widget.LinearLayout[@class='android.widget.LinearLayout']//android.widget.RelativeLayout[@resource-id='com.xiaomi.smarthome:id/bd8' and @class='android.widget.RelativeLayout']//android.widget.LinearLayout[@class='android.widget.LinearLayout']//android.widget.TextView[@resource-id='com.xiaomi.smarthome:id/ded' and @text='有人移动' and @class='android.widget.TextView']" classname="com.xiaomi.smarthome.AlarmVideoActivity" time="0.0">
</testcase>
  <testcase 
  name="clickedIndex=86 action=CLICKED
xpath=//android.widget.FrameLayout[@class='android.widget.FrameLayout']//android.widget.LinearLayout[@class='android.widget.LinearLayout']//android.widget.FrameLayout[@class='android.widget.FrameLayout']//android.widget.LinearLayout[@resource-id='com.xiaomi.smarthome:id/e_' and @class='android.widget.LinearLayout']//android.widget.FrameLayout[@resource-id='android:id/content' and @class='android.widget.FrameLayout']//android.widget.LinearLayout[@class='android.widget.LinearLayout']//android.widget.RelativeLayout[@class='android.widget.RelativeLayout']//android.widget.RelativeLayout[@class='android.widget.RelativeLayout']//androidx.recyclerview.widget.RecyclerView[@resource-id='com.xiaomi.smarthome:id/afs' and @class='androidx.recyclerview.widget.RecyclerView']//android.widget.LinearLayout[@class='android.widget.LinearLayout']//android.widget.TextView[@resource-id='com.xiaomi.smarthome:id/dqz' and @text='智能场景触发' and @class='android.widget.TextView']" classname="com.xiaomi.smarthome.AlarmVideoActivity" time="0.0">
</testcase>
  <testcase 
  name="clickedIndex=87 action=CLICKED
xpath=//android.widget.FrameLayout[@class='android.widget.FrameLayout']//android.widget.LinearLayout[@class='android.widget.LinearLayout']//android.widget.FrameLayout[@class='android.widget.FrameLayout']//android.widget.LinearLayout[@resource-id='com.xiaomi.smarthome:id/e_' and @class='android.widget.LinearLayout']//android.widget.FrameLayout[@resource-id='android:id/content' and @class='android.widget.FrameLayout']//android.widget.LinearLayout[@class='android.widget.LinearLayout']//android.widget.LinearLayout[@class='android.widget.LinearLayout']//android.widget.RelativeLayout[@resource-id='com.xiaomi.smarthome:id/bd8' and @class='android.widget.RelativeLayout']//android.widget.LinearLayout[@class='android.widget.LinearLayout']//android.widget.TextView[@resource-id='com.xiaomi.smarthome:id/ded' and @text='智能场景触发' and @class='android.widget.TextView']" classname="com.xiaomi.smarthome.AlarmVideoActivity" time="0.0">
</testcase>
  <testcase 
  name="clickedIndex=88 action=CLICKED
xpath=//android.widget.FrameLayout[@class='android.widget.FrameLayout']//android.widget.LinearLayout[@class='android.widget.LinearLayout']//android.widget.FrameLayout[@class='android.widget.FrameLayout']//android.widget.LinearLayout[@resource-id='com.xiaomi.smarthome:id/e_' and @class='android.widget.LinearLayout']//android.widget.FrameLayout[@resource-id='android:id/content' and @class='android.widget.FrameLayout']//android.widget.LinearLayout[@class='android.widget.LinearLayout']//android.widget.RelativeLayout[@class='android.widget.RelativeLayout']//android.widget.RelativeLayout[@class='android.widget.RelativeLayout']//androidx.recyclerview.widget.RecyclerView[@resource-id='com.xiaomi.smarthome:id/afs' and @class='androidx.recyclerview.widget.RecyclerView']//android.widget.LinearLayout[@class='android.widget.LinearLayout']" classname="com.xiaomi.smarthome.AlarmVideoActivity" time="0.0">
</testcase>
  <testcase 
  name="clickedIndex=89 action=CLICKED
xpath=//android.widget.FrameLayout[@class='android.widget.FrameLayout']" classname="com.xiaomi.smarthome.AlarmVideoActivity" time="0.0">
</testcase>
  <system-out><![CDATA[]]></system-out>
  <system-err><![CDATA[]]></system-err>
</testsuite>
